Output folder: C:\Users\ANRA\AppData\Local\DWSIM7
Extract: readme.txt... 100%
Extract: DWSIM_RSD.ico... 100%
Extract: DWSIM_CSD.ico... 100%
Extract: DWSIM_XML.ico... 100%
Extract: AODL.dll... 100%
Extract: AeroWizard.dll... 100%
Extract: AeroWizard.xml... 100%
Extract: Aga.Controls.dll... 100%
Extract: Antlr3.Runtime.dll... 100%
Extract: Azure.Core.dll... 100%
Extract: Azure.Core.xml... 100%
Extract: AzureServer.exe... 100%
Extract: AzureServer.exe.config... 100%
Extract: AzureServer.pdb... 100%
Extract: AzureServer.xml... 100%
Extract: CapeOpen.dll... 100%
Extract: CapeOpen.xml... 100%
Extract: Ciloci.Flee.dll... 100%
Extract: CoolProp.dll... 100%
Extract: Cudafy.NET.dll... 100%
Extract: Cudafy.NET.dll.config... 100%
Extract: Cudafy.NET.xml... 100%
Extract: Cureos.Numerics.dll... 100%
Extract: DWSIM.Automation.dll... 100%
Extract: DWSIM.Automation.dll.config... 100%
Extract: DWSIM.Automation.pdb... 100%
Extract: DWSIM.Controls.PropertyGridEx.dll... 100%
Extract: DWSIM.Controls.PropertyGridEx.pdb... 100%
Extract: DWSIM.Controls.PythonConsoleControl.dll... 100%
Extract: DWSIM.Controls.PythonConsoleControl.dll.config... 100%
Extract: DWSIM.Controls.PythonConsoleControl.pdb... 100%
Extract: DWSIM.CrossPlatform.UI.Controls.ReoGrid.dll... 100%
Extract: DWSIM.CrossPlatform.UI.Controls.ReoGrid.dll.config... 100%
Extract: DWSIM.CrossPlatform.UI.Controls.ReoGrid.pdb... 100%
Extract: DWSIM.CrossPlatform.UI.Controls.ReoGrid.xml... 100%
Extract: DWSIM.Drawing.SkiaSharp.dll... 100%
Extract: DWSIM.Drawing.SkiaSharp.dll.config... 100%
Extract: DWSIM.Drawing.SkiaSharp.pdb... 100%
Extract: DWSIM.Drawing.SkiaSharp.xml... 100%
Extract: DWSIM.DrawingTools.Point.dll... 100%
Extract: DWSIM.DrawingTools.Point.pdb... 100%
Extract: DWSIM.DrawingTools.Point.xml... 100%
Extract: DWSIM.DrawingTools.SkiaSharp.Extended.dll... 100%
Extract: DWSIM.DrawingTools.SkiaSharp.Extended.dll.config... 100%
Extract: DWSIM.DrawingTools.SkiaSharp.Extended.pdb... 100%
Extract: DWSIM.DynamicsManager.dll... 100%
Extract: DWSIM.DynamicsManager.dll.config... 100%
Extract: DWSIM.DynamicsManager.pdb... 100%
Extract: DWSIM.DynamicsManager.xml... 100%
Extract: DWSIM.ExtensionMethods.Eto.dll... 100%
Extract: DWSIM.ExtensionMethods.Eto.dll.config... 100%
Extract: DWSIM.ExtensionMethods.Eto.pdb... 100%
Extract: DWSIM.ExtensionMethods.Eto.xml... 100%
Extract: DWSIM.ExtensionMethods.dll... 100%
Extract: DWSIM.ExtensionMethods.dll.config... 100%
Extract: DWSIM.ExtensionMethods.pdb... 100%
Extract: DWSIM.ExtensionMethods.xml... 100%
Extract: DWSIM.FileStorage.dll... 100%
Extract: DWSIM.FileStorage.dll.config... 100%
Extract: DWSIM.FileStorage.pdb... 100%
Extract: DWSIM.FileStorage.xml... 100%
Extract: DWSIM.FlowsheetBase.dll... 100%
Extract: DWSIM.FlowsheetBase.dll.config... 100%
Extract: DWSIM.FlowsheetBase.pdb... 100%
Extract: DWSIM.FlowsheetBase.xml... 100%
Extract: DWSIM.FlowsheetSolver.dll... 100%
Extract: DWSIM.FlowsheetSolver.dll.config... 100%
Extract: DWSIM.FlowsheetSolver.pdb... 100%
Extract: DWSIM.FlowsheetSolver.xml... 100%
Extract: DWSIM.GlobalSettings.dll... 100%
Extract: DWSIM.GlobalSettings.pdb... 100%
Extract: DWSIM.GlobalSettings.xml... 100%
Extract: DWSIM.Inspector.dll... 100%
Extract: DWSIM.Inspector.dll.config... 100%
Extract: DWSIM.Inspector.pdb... 100%
Extract: DWSIM.Inspector.xml... 100%
Extract: DWSIM.Interfaces.dll... 100%
Extract: DWSIM.Interfaces.pdb... 100%
Extract: DWSIM.Interfaces.xml... 100%
Extract: DWSIM.Libraries.PythonLink.dll... 100%
Extract: DWSIM.Libraries.PythonLink.pdb... 100%
Extract: DWSIM.Logging.dll... 100%
Extract: DWSIM.Logging.pdb... 100%
Extract: DWSIM.MathOps.DotNumerics.dll... 100%
Extract: DWSIM.MathOps.DotNumerics.pdb... 100%
Extract: DWSIM.MathOps.DotNumerics.xml... 100%
Extract: DWSIM.MathOps.RandomOps.dll... 100%
Extract: DWSIM.MathOps.RandomOps.pdb... 100%
Extract: DWSIM.MathOps.SwarmOps.dll... 100%
Extract: DWSIM.MathOps.SwarmOps.pdb... 100%
Extract: DWSIM.MathOps.dll... 100%
Extract: DWSIM.MathOps.pdb... 100%
Extract: DWSIM.MathOps.xml... 100%
Extract: DWSIM.SharedClasses.dll... 100%
Extract: DWSIM.SharedClasses.dll.config... 100%
Extract: DWSIM.SharedClasses.pdb... 100%
Extract: DWSIM.SharedClasses.xml... 100%
Extract: DWSIM.Simulate365.dll... 100%
Extract: DWSIM.Simulate365.dll.config... 100%
Extract: DWSIM.Simulate365.pdb... 100%
Extract: DWSIM.SkiaSharp.Views.Desktop.dll... 100%
Extract: DWSIM.SkiaSharp.Views.Desktop.dll.config... 100%
Extract: DWSIM.SkiaSharp.Views.Desktop.pdb... 100%
Extract: DWSIM.Support.dll... 100%
Extract: DWSIM.Tests.exe... 100%
Extract: DWSIM.Tests.exe.config... 100%
Extract: DWSIM.Tests.pdb... 100%
Extract: DWSIM.Thermodynamics.AdvancedEOS.GERG2008.dll... 100%
Extract: DWSIM.Thermodynamics.AdvancedEOS.GERG2008.dll.config... 100%
Extract: DWSIM.Thermodynamics.AdvancedEOS.GERG2008.pdb... 100%
Extract: DWSIM.Thermodynamics.AdvancedEOS.GERG2008.xml... 100%
Extract: DWSIM.Thermodynamics.AdvancedEOS.PCSAFT2.dll... 100%
Extract: DWSIM.Thermodynamics.AdvancedEOS.PCSAFT2.dll.config... 100%
Extract: DWSIM.Thermodynamics.AdvancedEOS.PCSAFT2.pdb... 100%
Extract: DWSIM.Thermodynamics.AdvancedEOS.PCSAFT2.xml... 100%
Extract: DWSIM.Thermodynamics.AdvancedEOS.PRSRKTDep.dll... 100%
Extract: DWSIM.Thermodynamics.AdvancedEOS.PRSRKTDep.dll.config... 100%
Extract: DWSIM.Thermodynamics.AdvancedEOS.PRSRKTDep.pdb... 100%
Extract: DWSIM.Thermodynamics.AdvancedEOS.PRSRKTDep.xml... 100%
Extract: DWSIM.Thermodynamics.CoolPropInterface.dll... 100%
Extract: DWSIM.Thermodynamics.CoolPropInterface.pdb... 100%
Extract: DWSIM.Thermodynamics.Databases.ChemeoLink.dll... 100%
Extract: DWSIM.Thermodynamics.Databases.ChemeoLink.dll.config... 100%
Extract: DWSIM.Thermodynamics.Databases.ChemeoLink.pdb... 100%
Extract: DWSIM.Thermodynamics.Databases.ChemeoLink.xml... 100%
Extract: DWSIM.Thermodynamics.Databases.DDBStructureLink.dll... 100%
Extract: DWSIM.Thermodynamics.Databases.DDBStructureLink.dll.config... 100%
Extract: DWSIM.Thermodynamics.Databases.DDBStructureLink.pdb... 100%
Extract: DWSIM.Thermodynamics.Databases.DDBStructureLink.xml... 100%
Extract: DWSIM.Thermodynamics.Databases.KDBLink.dll... 100%
Extract: DWSIM.Thermodynamics.Databases.KDBLink.dll.config... 100%
Extract: DWSIM.Thermodynamics.Databases.KDBLink.pdb... 100%
Extract: DWSIM.Thermodynamics.Databases.KDBLink.xml... 100%
Extract: DWSIM.Thermodynamics.SteamTables2.dll... 100%
Extract: DWSIM.Thermodynamics.SteamTables2.pdb... 100%
Extract: DWSIM.Thermodynamics.dll... 100%
Extract: DWSIM.Thermodynamics.dll.config... 100%
Extract: DWSIM.Thermodynamics.pdb... 100%
Extract: DWSIM.Thermodynamics.xml... 100%
Extract: DWSIM.UI.Desktop.Editors.dll... 100%
Extract: DWSIM.UI.Desktop.Editors.dll.config... 100%
Extract: DWSIM.UI.Desktop.Editors.pdb... 100%
Extract: DWSIM.UI.Desktop.GTK.dll... 100%
Extract: DWSIM.UI.Desktop.GTK.dll.config... 100%
Extract: DWSIM.UI.Desktop.GTK.pdb... 100%
Extract: DWSIM.UI.Desktop.Mac.dll... 100%
Extract: DWSIM.UI.Desktop.Mac.dll.config... 100%
Extract: DWSIM.UI.Desktop.Mac.pdb... 100%
Extract: DWSIM.UI.Desktop.Shared.dll... 100%
Extract: DWSIM.UI.Desktop.Shared.dll.config... 100%
Extract: DWSIM.UI.Desktop.Shared.pdb... 100%
Extract: DWSIM.UI.Desktop.WPF.dll... 100%
Extract: DWSIM.UI.Desktop.WPF.dll.config... 100%
Extract: DWSIM.UI.Desktop.WPF.pdb... 100%
Extract: DWSIM.UI.Desktop.WinForms.dll... 100%
Extract: DWSIM.UI.Desktop.WinForms.dll.config... 100%
Extract: DWSIM.UI.Desktop.WinForms.pdb... 100%
Extract: DWSIM.UI.Desktop.exe... 100%
Extract: DWSIM.UI.Desktop.exe.config... 100%
Extract: DWSIM.UI.Desktop.pdb... 100%
Extract: DWSIM.UI.Forms.dll... 100%
Extract: DWSIM.UI.Forms.dll.config... 100%
Extract: DWSIM.UI.Forms.pdb... 100%
Extract: DWSIM.UI.Web.dll... 100%
Extract: DWSIM.UI.Web.pdb... 100%
Extract: DWSIM.UnitOperations.dll... 100%
Extract: DWSIM.UnitOperations.dll.config... 100%
Extract: DWSIM.UnitOperations.pdb... 100%
Extract: DWSIM.UnitOperations.xml... 100%
Extract: DWSIM.XMLSerializer.dll... 100%
Extract: DWSIM.XMLSerializer.dll.config... 100%
Extract: DWSIM.XMLSerializer.pdb... 100%
Extract: DWSIM.XMLSerializer.xml... 100%
Extract: DWSIM.dna... 100%
Extract: DWSIM.exe... 100%
Extract: DWSIM.exe.config... 100%
Extract: DWSIM.pdb... 100%
Extract: DWSIM.xll... 100%
Extract: DWSIM.xml... 100%
Extract: DWSIM_64.dna... 100%
Extract: DWSIM_64.xll... 100%
Extract: EPPlus.dll... 100%
Extract: EPPlus.xml... 100%
Extract: Eto.Gtk2.dll... 100%
Extract: Eto.OxyPlot.Wpf.dll... 100%
Extract: Eto.OxyPlot.dll... 100%
Extract: Eto.WinForms.dll... 100%
Extract: Eto.Wpf.dll... 100%
Extract: Eto.XamMac2.dll... 100%
Extract: Eto.dll... 100%
Extract: Eto.xml... 100%
Extract: ExcelAddInHelp.chm... 100%
Extract: ExcelApi.dll... 100%
Extract: ExcelApi.xml... 100%
Extract: ExcelDna.Integration.dll... 100%
Extract: FastColoredTextBox.dll... 100%
Extract: FileHelpers.dll... 100%
Extract: FileHelpers.xml... 100%
Extract: GemBox.Spreadsheet.dll... 100%
Extract: GemBox.Spreadsheet.xml... 100%
Extract: GenericDictionaryEditor.dll... 100%
Extract: HtmlAgilityPack.dll... 100%
Extract: HtmlAgilityPack.pdb... 100%
Extract: HtmlAgilityPack.xml... 100%
Extract: ICSharpCode.AvalonEdit.dll... 100%
Extract: ICSharpCode.AvalonEdit.xml... 100%
Extract: ICSharpCode.SharpZipLib.dll... 100%
Extract: ICSharpCode.SharpZipLib.pdb... 100%
Extract: ICSharpCode.SharpZipLib.xml... 100%
Extract: Infralution.Localization.dll... 100%
Extract: IpOpt39.dll... 100%
Extract: IpOptFSS.dll... 100%
Extract: IronPython.Modules.dll... 100%
Extract: IronPython.Modules.xml... 100%
Extract: IronPython.SQLite.dll... 100%
Extract: IronPython.SQLite.xml... 100%
Extract: IronPython.Wpf.dll... 100%
Extract: IronPython.Wpf.xml... 100%
Extract: IronPython.dll... 100%
Extract: IronPython.xml... 100%
Extract: IronPythonConsole.dll... 100%
Extract: IronPythonConsole.dll.config... 100%
Extract: IronPythonConsole.exe.config... 100%
Extract: IronPythonConsole.pdb... 100%
Extract: IronPythonConsole.py
Extract: Jolt.Testing.GeneratedTypes.dll... 100%
Extract: Jolt.Testing.GeneratedTypes.xml... 100%
Extract: Jolt.dll... 100%
Extract: Jolt.xml... 100%
Extract: LabelWithDivider.dll... 100%
Extract: LibOptimization.dll... 100%
Extract: LiteDB.dll... 100%
Extract: LiteDB.xml... 100%
Extract: Mages.Core.dll... 100%
Extract: Mages.Core.xml... 100%
Extract: Mapack.dll... 100%
Extract: MathNet.Numerics.dll... 100%
Extract: MathNet.Numerics.xml... 100%
Extract: Microsoft.Bcl.AsyncInterfaces.dll... 100%
Extract: Microsoft.Bcl.AsyncInterfaces.xml... 100%
Extract: Microsoft.Dynamic.dll... 100%
Extract: Microsoft.Dynamic.xml... 100%
Extract: Microsoft.Graph.Core.dll... 100%
Extract: Microsoft.Graph.Core.xml... 100%
Extract: Microsoft.Graph.dll... 100%
Extract: Microsoft.Graph.xml... 100%
Extract: Microsoft.Identity.Client.dll... 100%
Extract: Microsoft.Identity.Client.xml... 100%
Extract: Microsoft.IdentityModel.JsonWebTokens.dll... 100%
Extract: Microsoft.IdentityModel.JsonWebTokens.xml... 100%
Extract: Microsoft.IdentityModel.Logging.dll... 100%
Extract: Microsoft.IdentityModel.Logging.xml... 100%
Extract: Microsoft.IdentityModel.Protocols.OpenIdConnect.dll... 100%
Extract: Microsoft.IdentityModel.Protocols.OpenIdConnect.xml... 100%
Extract: Microsoft.IdentityModel.Protocols.dll... 100%
Extract: Microsoft.IdentityModel.Protocols.xml... 100%
Extract: Microsoft.IdentityModel.Tokens.dll... 100%
Extract: Microsoft.IdentityModel.Tokens.xml... 100%
Extract: Microsoft.Msagl.dll... 100%
Extract: Microsoft.Msagl.xml... 100%
Extract: Microsoft.Scripting.Metadata.dll... 100%
Extract: Microsoft.Scripting.Metadata.xml... 100%
Extract: Microsoft.Scripting.dll... 100%
Extract: Microsoft.Scripting.xml... 100%
Extract: Microsoft.ServiceBus.dll... 100%
Extract: Microsoft.Web.WebView2.Core.dll... 100%
Extract: Microsoft.Web.WebView2.Core.xml... 100%
Extract: Microsoft.Web.WebView2.WinForms.dll... 100%
Extract: Microsoft.Web.WebView2.WinForms.xml... 100%
Extract: Microsoft.Web.WebView2.Wpf.dll... 100%
Extract: Microsoft.Web.WebView2.Wpf.xml... 100%
Extract: Microsoft.Win32.Primitives.dll... 100%
Extract: Microsoft.WindowsAPICodePack.ExtendedLinguisticServices.dll... 100%
Extract: Microsoft.WindowsAPICodePack.Sensors.dll... 100%
Extract: Microsoft.WindowsAPICodePack.Shell.dll... 100%
Extract: Microsoft.WindowsAPICodePack.ShellExtensions.dll... 100%
Extract: Microsoft.WindowsAPICodePack.dll... 100%
Extract: NLog.dll... 100%
Extract: NLog.xml... 100%
Extract: NeoDataType.LiveCodeEngine.dll... 100%
Extract: NeoDataType.MyNeoReport.dll... 100%
Extract: NetOffice.dll... 100%
Extract: NetOffice.xml... 100%
Extract: Newtonsoft.Json.dll... 100%
Extract: Newtonsoft.Json.xml... 100%
Extract: Nini.dll... 100%
Extract: OfficeApi.dll... 100%
Extract: OfficeApi.xml... 100%
Extract: OpenTK.GLControl.dll... 100%
Extract: OpenTK.GLControl.pdb... 100%
Extract: OpenTK.GLControl.xml... 100%
Extract: OpenTK.dll... 100%
Extract: OpenTK.pdb... 100%
Extract: OpenTK.xml... 100%
Extract: OxyPlot.GtkSharp.dll... 100%
Extract: OxyPlot.GtkSharp.pdb... 100%
Extract: OxyPlot.GtkSharp.xml... 100%
Extract: OxyPlot.WindowsForms.dll... 100%
Extract: OxyPlot.WindowsForms.pdb... 100%
Extract: OxyPlot.WindowsForms.xml... 100%
Extract: OxyPlot.Wpf.dll... 100%
Extract: OxyPlot.Wpf.pdb... 100%
Extract: OxyPlot.Wpf.xml... 100%
Extract: OxyPlot.dll... 100%
Extract: PetAz.dll... 100%
Extract: PresentationFramework.dll... 100%
Extract: Python.Runtime.dll... 100%
Extract: Python.Runtime.pdb... 100%
Extract: RichTextBoxExtended.dll... 100%
Extract: Scintilla.Eto.GTK.dll... 100%
Extract: Scintilla.Eto.Mac.dll... 100%
Extract: Scintilla.Eto.Shared.dll... 100%
Extract: Scintilla.Eto.WPF.dll... 100%
Extract: Scintilla.Eto.WinForms.dll... 100%
Extract: ScintillaBinding.dll... 100%
Extract: ScintillaNET.dll... 100%
Extract: ScintillaNET.xml... 100%
Extract: ScintillaNetPrinting.dll... 100%
Extract: ScintillaNetPrinting.xml... 100%
Extract: SharpDX.DXGI.dll... 100%
Extract: SharpDX.DXGI.xml... 100%
Extract: SharpDX.Direct2D1.dll... 100%
Extract: SharpDX.Direct2D1.xml... 100%
Extract: SharpDX.Mathematics.dll... 100%
Extract: SharpDX.Mathematics.xml... 100%
Extract: SharpDX.dll... 100%
Extract: SharpDX.xml... 100%
Extract: SkiaSharp.Extended.dll... 100%
Extract: SkiaSharp.Views.Desktop.Common.dll... 100%
Extract: SkiaSharp.Views.Desktop.Common.xml... 100%
Extract: SkiaSharp.Views.WPF.dll... 100%
Extract: SkiaSharp.Views.WPF.xml... 100%
Extract: SkiaSharp.Views.WindowsForms.dll... 100%
Extract: SkiaSharp.Views.WindowsForms.xml... 100%
Extract: SkiaSharp.dll... 100%
Extract: SkiaSharp.xml... 100%
Extract: SpinningProgress.dll... 100%
Extract: System.AppContext.dll... 100%
Extract: System.Buffers.dll... 100%
Extract: System.Buffers.xml... 100%
Extract: System.Collections.Concurrent.dll... 100%
Extract: System.Collections.NonGeneric.dll... 100%
Extract: System.Collections.Specialized.dll... 100%
Extract: System.Collections.dll... 100%
Extract: System.ComponentModel.EventBasedAsync.dll... 100%
Extract: System.ComponentModel.Primitives.dll... 100%
Extract: System.ComponentModel.TypeConverter.dll... 100%
Extract: System.ComponentModel.dll... 100%
Extract: System.Console.dll... 100%
Extract: System.Data.Common.dll... 100%
Extract: System.Diagnostics.Contracts.dll... 100%
Extract: System.Diagnostics.Debug.dll... 100%
Extract: System.Diagnostics.DiagnosticSource.dll... 100%
Extract: System.Diagnostics.DiagnosticSource.xml... 100%
Extract: System.Diagnostics.FileVersionInfo.dll... 100%
Extract: System.Diagnostics.Process.dll... 100%
Extract: System.Diagnostics.StackTrace.dll... 100%
Extract: System.Diagnostics.TextWriterTraceListener.dll... 100%
Extract: System.Diagnostics.Tools.dll... 100%
Extract: System.Diagnostics.TraceSource.dll... 100%
Extract: System.Diagnostics.Tracing.dll... 100%
Extract: System.Drawing.Primitives.dll... 100%
Extract: System.Dynamic.Runtime.dll... 100%
Extract: System.Globalization.Calendars.dll... 100%
Extract: System.Globalization.Extensions.dll... 100%
Extract: System.Globalization.dll... 100%
Extract: System.IO.Compression.ZipFile.dll... 100%
Extract: System.IO.Compression.dll... 100%
Extract: System.IO.FileSystem.DriveInfo.dll... 100%
Extract: System.IO.FileSystem.Primitives.dll... 100%
Extract: System.IO.FileSystem.Watcher.dll... 100%
Extract: System.IO.FileSystem.dll... 100%
Extract: System.IO.IsolatedStorage.dll... 100%
Extract: System.IO.MemoryMappedFiles.dll... 100%
Extract: System.IO.Pipes.dll... 100%
Extract: System.IO.UnmanagedMemoryStream.dll... 100%
Extract: System.IO.dll... 100%
Extract: System.IdentityModel.Tokens.Jwt.dll... 100%
Extract: System.IdentityModel.Tokens.Jwt.xml... 100%
Extract: System.Linq.Expressions.dll... 100%
Extract: System.Linq.Parallel.dll... 100%
Extract: System.Linq.Queryable.dll... 100%
Extract: System.Linq.dll... 100%
Extract: System.Memory.Data.dll... 100%
Extract: System.Memory.Data.xml... 100%
Extract: System.Memory.dll... 100%
Extract: System.Memory.xml... 100%
Extract: System.Net.Http.dll... 100%
Extract: System.Net.NameResolution.dll... 100%
Extract: System.Net.NetworkInformation.dll... 100%
Extract: System.Net.Ping.dll... 100%
Extract: System.Net.Primitives.dll... 100%
Extract: System.Net.Requests.dll... 100%
Extract: System.Net.Security.dll... 100%
Extract: System.Net.Sockets.dll... 100%
Extract: System.Net.WebHeaderCollection.dll... 100%
Extract: System.Net.WebSockets.Client.dll... 100%
Extract: System.Net.WebSockets.dll... 100%
Extract: System.Numerics.Vectors.dll... 100%
Extract: System.Numerics.Vectors.xml... 100%
Extract: System.ObjectModel.dll... 100%
Extract: System.Reflection.Extensions.dll... 100%
Extract: System.Reflection.Primitives.dll... 100%
Extract: System.Reflection.dll... 100%
Extract: System.Resources.Reader.dll... 100%
Extract: System.Resources.ResourceManager.dll... 100%
Extract: System.Resources.Writer.dll... 100%
Extract: System.Runtime.CompilerServices.Unsafe.dll... 100%
Extract: System.Runtime.CompilerServices.Unsafe.xml... 100%
Extract: System.Runtime.CompilerServices.VisualC.dll... 100%
Extract: System.Runtime.Extensions.dll... 100%
Extract: System.Runtime.Handles.dll... 100%
Extract: System.Runtime.InteropServices.RuntimeInformation.dll... 100%
Extract: System.Runtime.InteropServices.dll... 100%
Extract: System.Runtime.Numerics.dll... 100%
Extract: System.Runtime.Serialization.Formatters.dll... 100%
Extract: System.Runtime.Serialization.Json.dll... 100%
Extract: System.Runtime.Serialization.Primitives.dll... 100%
Extract: System.Runtime.Serialization.Xml.dll... 100%
Extract: System.Runtime.dll... 100%
Extract: System.Security.Claims.dll... 100%
Extract: System.Security.Cryptography.Algorithms.dll... 100%
Extract: System.Security.Cryptography.Csp.dll... 100%
Extract: System.Security.Cryptography.Encoding.dll... 100%
Extract: System.Security.Cryptography.Primitives.dll... 100%
Extract: System.Security.Cryptography.X509Certificates.dll... 100%
Extract: System.Security.Principal.dll... 100%
Extract: System.Security.SecureString.dll... 100%
Extract: System.Text.Encoding.Extensions.dll... 100%
Extract: System.Text.Encoding.dll... 100%
Extract: System.Text.Encodings.Web.dll... 100%
Extract: System.Text.Encodings.Web.xml... 100%
Extract: System.Text.Json.dll... 100%
Extract: System.Text.Json.xml... 100%
Extract: System.Text.RegularExpressions.dll... 100%
Extract: System.Threading.Overlapped.dll... 100%
Extract: System.Threading.Tasks.Extensions.dll... 100%
Extract: System.Threading.Tasks.Extensions.xml... 100%
Extract: System.Threading.Tasks.Parallel.dll... 100%
Extract: System.Threading.Tasks.dll... 100%
Extract: System.Threading.Thread.dll... 100%
Extract: System.Threading.ThreadPool.dll... 100%
Extract: System.Threading.Timer.dll... 100%
Extract: System.Threading.dll... 100%
Extract: System.ValueTuple.dll... 100%
Extract: System.Windows.Controls.WpfPropertyGrid.dll... 100%
Extract: System.Xml.ReaderWriter.dll... 100%
Extract: System.Xml.XDocument.dll... 100%
Extract: System.Xml.XPath.XDocument.dll... 100%
Extract: System.Xml.XPath.dll... 100%
Extract: System.Xml.XmlDocument.dll... 100%
Extract: System.Xml.XmlSerializer.dll... 100%
Extract: TCPServer.exe... 100%
Extract: TCPServer.exe.config... 100%
Extract: TCPServer.pdb... 100%
Extract: TCPServer.xml... 100%
Extract: TabStrip.dll... 100%
Extract: TabStrip.pdb... 100%
Extract: TcpComm.dll... 100%
Extract: TcpComm.xml... 100%
Extract: TemplateExcelUO.ods... 100%
Extract: TemplateExcelUO.xls... 100%
Extract: TemplateExcelUO.xlsx... 100%
Extract: ThemeVS2012Light.dll... 100%
Extract: ThemeVS2012Light.pdb... 100%
Extract: VBIDEApi.dll... 100%
Extract: VBIDEApi.xml... 100%
Extract: WeifenLuo.WinFormsUI.Docking.dll... 100%
Extract: WeifenLuo.WinFormsUI.Docking.pdb... 100%
Extract: Xamarin.Mac.dll... 100%
Extract: Xceed.Wpf.AvalonDock.Themes.Aero.dll... 100%
Extract: Xceed.Wpf.AvalonDock.Themes.Metro.dll... 100%
Extract: Xceed.Wpf.AvalonDock.Themes.VS2010.dll... 100%
Extract: Xceed.Wpf.AvalonDock.dll... 100%
Extract: Xceed.Wpf.Toolkit.dll... 100%
Extract: Yeppp.CLR.Bundle.dll... 100%
Extract: Yeppp.CLR.Bundle.xml... 100%
Extract: ZedGraph.dll... 100%
Extract: ZedGraph.pdb... 100%
Extract: ZedGraph.xml... 100%
Extract: appbar.app.png... 100%
Extract: appbar.information.circle.png
Extract: appbar.office.excel.png... 100%
Extract: appbar.paypal.png
Extract: appbar.question.png
Extract: appbar.settings.png... 100%
Extract: automation_reg.bat... 100%
Extract: automation_unreg.bat... 100%
Extract: cudacode.cdfy... 100%
Extract: default.ini... 100%
Extract: excelcompat.ini... 100%
Extract: indigo-dotnet.dll... 100%
Extract: indigo-inchi-dotnet.dll... 100%
Extract: indigo-renderer-dotnet.dll... 100%
Extract: itextsharp.dll... 100%
Extract: layout.xml... 100%
Extract: libEGL.dll... 100%
Extract: libGLESv2.dll... 100%
Extract: libSkiaSharp.dll... 100%
Extract: libifcoremd.dll... 100%
Extract: libiomp5md.dll... 100%
Extract: libmmd.dll... 100%
Extract: license.txt... 100%
Extract: lpsolve55.dll... 100%
Extract: msvcp140.dll... 100%
Extract: netstandard.dll... 100%
Extract: readme.txt... 100%
Extract: stdole.dll... 100%
Extract: svml_dispmd.dll... 100%
Extract: unvell.ReoGrid.dll... 100%
Extract: unvell.ReoGrid.dll.config... 100%
Extract: unvell.ReoGrid.pdb... 100%
Extract: unvell.ReoGrid.xml... 100%
Extract: unvell.ReoGridEditor.dll... 100%
Extract: unvell.ReoGridEditor.dll.config... 100%
Extract: unvell.ReoGridEditor.pdb... 100%
Extract: unvell.ReoScript.EditorLib.dll... 100%
Extract: unvell.ReoScript.dll... 100%
Extract: vcruntime140.dll... 100%
Extract: version.info
Extract: webkit-sharp.dll... 100%
Extract: whatsnew.txt... 100%
Output folder: C:\Users\ANRA\AppData\Local\DWSIM7\7zip
Extract: 7za.dll... 100%
Extract: 7za.exe... 100%
Extract: 7zxa.dll... 100%
Extract: License.txt... 100%
Extract: history.txt... 100%
Extract: readme.txt... 100%
Output folder: C:\Users\ANRA\AppData\Local\DWSIM7\Lib
Extract: BaseHTTPServer.py... 100%
Extract: Bastion.py... 100%
Extract: CGIHTTPServer.py... 100%
Extract: ConfigParser.py... 100%
Extract: Cookie.py... 100%
Extract: DocXMLRPCServer.py... 100%
Extract: HTMLParser.py... 100%
Extract: MimeWriter.py... 100%
Extract: Queue.py... 100%
Extract: SimpleHTTPServer.py... 100%
Extract: SimpleXMLRPCServer.py... 100%
Extract: SocketServer.py... 100%
Extract: StringIO.py... 100%
Extract: UserDict.py... 100%
Extract: UserList.py... 100%
Extract: UserString.py... 100%
Extract: _LWPCookieJar.py... 100%
Extract: _MozillaCookieJar.py... 100%
Extract: __future__.py... 100%
Extract: __phello__.foo.py
Extract: _abcoll.py... 100%
Extract: _osx_support.py... 100%
Extract: _pyio.py... 100%
Extract: _strptime.py... 100%
Extract: _threading_local.py... 100%
Extract: _weakrefset.py... 100%
Extract: abc.py... 100%
Extract: aifc.py... 100%
Extract: antigravity.py
Extract: anydbm.py... 100%
Extract: argparse.py... 100%
Extract: ast.py... 100%
Extract: asynchat.py... 100%
Extract: asyncore.py... 100%
Extract: atexit.py... 100%
Extract: audiodev.py... 100%
Extract: base64.py... 100%
Extract: bdb.py... 100%
Extract: binhex.py... 100%
Extract: bisect.py... 100%
Extract: calendar.py... 100%
Extract: cgi.py... 100%
Extract: cgitb.py... 100%
Extract: chunk.py... 100%
Extract: clrtype.py... 100%
Extract: cmd.py... 100%
Extract: code.py... 100%
Extract: codecs.py... 100%
Extract: codeop.py... 100%
Extract: collections.py... 100%
Extract: colorsys.py... 100%
Extract: commands.py... 100%
Extract: compileall.py... 100%
Extract: contextlib.py... 100%
Extract: cookielib.py... 100%
Extract: copy.py... 100%
Extract: csv.py... 100%
Extract: decimal.py... 100%
Extract: difflib.py... 100%
Extract: dircache.py... 100%
Extract: dis.py... 100%
Extract: doctest.py... 100%
Extract: dumbdbm.py... 100%
Extract: dummy_thread.py... 100%
Extract: dummy_threading.py... 100%
Extract: filecmp.py... 100%
Extract: fileinput.py... 100%
Extract: fnmatch.py... 100%
Extract: formatter.py... 100%
Extract: fpformat.py... 100%
Extract: fractions.py... 100%
Extract: ftplib.py... 100%
Extract: functools.py... 100%
Extract: genericpath.py... 100%
Extract: getopt.py... 100%
Extract: getpass.py... 100%
Extract: gettext.py... 100%
Extract: glob.py... 100%
Extract: gzip.py... 100%
Extract: hashlib.py... 100%
Extract: heapq.py... 100%
Extract: hmac.py... 100%
Extract: htmlentitydefs.py... 100%
Extract: htmllib.py... 100%
Extract: httplib.py... 100%
Extract: ihooks.py... 100%
Extract: imaplib.py... 100%
Extract: imghdr.py... 100%
Extract: imputil.py... 100%
Extract: inspect.py... 100%
Extract: io.py... 100%
Extract: keyword.py... 100%
Extract: linecache.py... 100%
Extract: locale.py... 100%
Extract: macpath.py... 100%
Extract: macurl2path.py... 100%
Extract: mailbox.py... 100%
Extract: mailcap.py... 100%
Extract: markupbase.py... 100%
Extract: md5.py... 100%
Extract: mhlib.py... 100%
Extract: mimetools.py... 100%
Extract: mimetypes.py... 100%
Extract: mimify.py... 100%
Extract: modulefinder.py... 100%
Extract: multifile.py... 100%
Extract: mutex.py... 100%
Extract: netrc.py... 100%
Extract: new.py... 100%
Extract: nntplib.py... 100%
Extract: ntpath.py... 100%
Extract: nturl2path.py... 100%
Extract: numbers.py... 100%
Extract: opcode.py... 100%
Extract: optparse.py... 100%
Extract: os.py... 100%
Extract: os2emxpath.py... 100%
Extract: pdb.py... 100%
Extract: pickle.py... 100%
Extract: pickletools.py... 100%
Extract: pipes.py... 100%
Extract: pkgutil.py... 100%
Extract: platform.py... 100%
Extract: plistlib.py... 100%
Extract: popen2.py... 100%
Extract: poplib.py... 100%
Extract: posixfile.py... 100%
Extract: posixpath.py... 100%
Extract: pprint.py... 100%
Extract: profile.py... 100%
Extract: pstats.py... 100%
Extract: py_compile.py... 100%
Extract: pyclbr.py... 100%
Extract: pydoc.py... 100%
Extract: quopri.py... 100%
Extract: random.py... 100%
Extract: repr.py... 100%
Extract: rexec.py... 100%
Extract: rfc822.py... 100%
Extract: rlcompleter.py... 100%
Extract: robotparser.py... 100%
Extract: runpy.py... 100%
Extract: sched.py... 100%
Extract: sets.py... 100%
Extract: sgmllib.py... 100%
Extract: sha.py... 100%
Extract: shelve.py... 100%
Extract: shlex.py... 100%
Extract: shutil.py... 100%
Extract: site.py... 100%
Extract: smtpd.py... 100%
Extract: smtplib.py... 100%
Extract: sndhdr.py... 100%
Extract: socket.py... 100%
Extract: sre_constants.py... 100%
Extract: sre_parse.py... 100%
Extract: ssl.py... 100%
Extract: stat.py... 100%
Extract: statvfs.py... 100%
Extract: string.py... 100%
Extract: stringold.py... 100%
Extract: stringprep.py... 100%
Extract: struct.py... 100%
Extract: subprocess.py... 100%
Extract: sunau.py... 100%
Extract: sunaudio.py... 100%
Extract: symbol.py... 100%
Extract: sysconfig.py... 100%
Extract: tabnanny.py... 100%
Extract: tarfile.py... 100%
Extract: telnetlib.py... 100%
Extract: tempfile.py... 100%
Extract: textwrap.py... 100%
Extract: this.py... 100%
Extract: threading.py... 100%
Extract: timeit.py... 100%
Extract: toaiff.py... 100%
Extract: token.py... 100%
Extract: tokenize.py... 100%
Extract: trace.py... 100%
Extract: traceback.py... 100%
Extract: types.py... 100%
Extract: urllib.py... 100%
Extract: urllib2.py... 100%
Extract: urlparse.py... 100%
Extract: user.py... 100%
Extract: uu.py... 100%
Extract: uuid.py... 100%
Extract: warnings.py... 100%
Extract: wave.py... 100%
Extract: weakref.py... 100%
Extract: webbrowser.py... 100%
Extract: whichdb.py... 100%
Extract: wpf.py... 100%
Extract: xdrlib.py... 100%
Extract: xmllib.py... 100%
Extract: xmlrpclib.py... 100%
Extract: zipfile.py... 100%
Output folder: C:\Users\ANRA\AppData\Local\DWSIM7\Lib\ctypes
Extract: __init__.py... 100%
Extract: _endian.py... 100%
Extract: util.py... 100%
Extract: wintypes.py... 100%
Output folder: C:\Users\ANRA\AppData\Local\DWSIM7\Lib\ctypes\macholib
Extract: __init__.py... 100%
Extract: dyld.py... 100%
Extract: dylib.py... 100%
Extract: framework.py... 100%
Output folder: C:\Users\ANRA\AppData\Local\DWSIM7\Lib\distutils
Extract: __init__.py... 100%
Extract: archive_util.py... 100%
Extract: bcppcompiler.py... 100%
Extract: ccompiler.py... 100%
Extract: cmd.py... 100%
Extract: config.py... 100%
Extract: core.py... 100%
Extract: cygwinccompiler.py... 100%
Extract: debug.py... 100%
Extract: dep_util.py... 100%
Extract: dir_util.py... 100%
Extract: dist.py... 100%
Extract: emxccompiler.py... 100%
Extract: errors.py... 100%
Extract: extension.py... 100%
Extract: fancy_getopt.py... 100%
Extract: file_util.py... 100%
Extract: filelist.py... 100%
Extract: log.py... 100%
Extract: msvccompiler.py... 100%
Extract: spawn.py... 100%
Extract: sysconfig.py... 100%
Extract: text_file.py... 100%
Extract: unixccompiler.py... 100%
Extract: util.py... 100%
Extract: version.py... 100%
Extract: versionpredicate.py... 100%
Output folder: C:\Users\ANRA\AppData\Local\DWSIM7\Lib\distutils\command
Extract: __init__.py... 100%
Extract: bdist.py... 100%
Extract: bdist_dumb.py... 100%
Extract: bdist_rpm.py... 100%
Extract: bdist_wininst.py... 100%
Extract: build.py... 100%
Extract: build_clib.py... 100%
Extract: build_ext.py... 100%
Extract: build_py.py... 100%
Extract: build_scripts.py... 100%
Extract: check.py... 100%
Extract: clean.py... 100%
Extract: config.py... 100%
Extract: install.py... 100%
Extract: install_data.py... 100%
Extract: install_egg_info.py... 100%
Extract: install_headers.py... 100%
Extract: install_lib.py... 100%
Extract: install_scripts.py... 100%
Extract: register.py... 100%
Extract: sdist.py... 100%
Extract: upload.py... 100%
Output folder: C:\Users\ANRA\AppData\Local\DWSIM7\Lib\email
Extract: __init__.py... 100%
Extract: _parseaddr.py... 100%
Extract: base64mime.py... 100%
Extract: charset.py... 100%
Extract: encoders.py... 100%
Extract: errors.py... 100%
Extract: feedparser.py... 100%
Extract: generator.py... 100%
Extract: header.py... 100%
Extract: iterators.py... 100%
Extract: message.py... 100%
Extract: parser.py... 100%
Extract: quoprimime.py... 100%
Extract: utils.py... 100%
Output folder: C:\Users\ANRA\AppData\Local\DWSIM7\Lib\email\mime
Extract: __init__.py
Extract: application.py... 100%
Extract: audio.py... 100%
Extract: base.py... 100%
Extract: image.py... 100%
Extract: message.py... 100%
Extract: multipart.py... 100%
Extract: nonmultipart.py... 100%
Extract: text.py... 100%
Output folder: C:\Users\ANRA\AppData\Local\DWSIM7\Lib\encodings
Extract: __init__.py... 100%
Extract: aliases.py... 100%
Extract: ascii.py... 100%
Extract: base64_codec.py... 100%
Extract: bz2_codec.py... 100%
Extract: charmap.py... 100%
Extract: cp037.py... 100%
Extract: cp1006.py... 100%
Extract: cp1026.py... 100%
Extract: cp1140.py... 100%
Extract: cp1250.py... 100%
Extract: cp1251.py... 100%
Extract: cp1252.py... 100%
Extract: cp1253.py... 100%
Extract: cp1254.py... 100%
Extract: cp1255.py... 100%
Extract: cp1256.py... 100%
Extract: cp1257.py... 100%
Extract: cp1258.py... 100%
Extract: cp424.py... 100%
Extract: cp437.py... 100%
Extract: cp500.py... 100%
Extract: cp720.py... 100%
Extract: cp737.py... 100%
Extract: cp775.py... 100%
Extract: cp850.py... 100%
Extract: cp852.py... 100%
Extract: cp855.py... 100%
Extract: cp856.py... 100%
Extract: cp857.py... 100%
Extract: cp858.py... 100%
Extract: cp860.py... 100%
Extract: cp861.py... 100%
Extract: cp862.py... 100%
Extract: cp863.py... 100%
Extract: cp864.py... 100%
Extract: cp865.py... 100%
Extract: cp866.py... 100%
Extract: cp869.py... 100%
Extract: cp874.py... 100%
Extract: cp875.py... 100%
Extract: hex_codec.py... 100%
Extract: hp_roman8.py... 100%
Extract: idna.py... 100%
Extract: iso8859_1.py... 100%
Extract: iso8859_10.py... 100%
Extract: iso8859_11.py... 100%
Extract: iso8859_13.py... 100%
Extract: iso8859_14.py... 100%
Extract: iso8859_15.py... 100%
Extract: iso8859_16.py... 100%
Extract: iso8859_2.py... 100%
Extract: iso8859_3.py... 100%
Extract: iso8859_4.py... 100%
Extract: iso8859_5.py... 100%
Extract: iso8859_6.py... 100%
Extract: iso8859_7.py... 100%
Extract: iso8859_8.py... 100%
Extract: iso8859_9.py... 100%
Extract: koi8_r.py... 100%
Extract: koi8_u.py... 100%
Extract: latin_1.py... 100%
Extract: mac_arabic.py... 100%
Extract: mac_centeuro.py... 100%
Extract: mac_croatian.py... 100%
Extract: mac_cyrillic.py... 100%
Extract: mac_farsi.py... 100%
Extract: mac_greek.py... 100%
Extract: mac_iceland.py... 100%
Extract: mac_latin2.py... 100%
Extract: mac_roman.py... 100%
Extract: mac_romanian.py... 100%
Extract: mac_turkish.py... 100%
Extract: mbcs.py... 100%
Extract: palmos.py... 100%
Extract: ptcp154.py... 100%
Extract: punycode.py... 100%
Extract: quopri_codec.py... 100%
Extract: raw_unicode_escape.py... 100%
Extract: rot_13.py... 100%
Extract: string_escape.py... 100%
Extract: tis_620.py... 100%
Extract: undefined.py... 100%
Extract: unicode_escape.py... 100%
Extract: unicode_internal.py... 100%
Extract: utf_16.py... 100%
Extract: utf_16_be.py... 100%
Extract: utf_16_le.py... 100%
Extract: utf_32.py... 100%
Extract: utf_32_be.py... 100%
Extract: utf_32_le.py... 100%
Extract: utf_7.py... 100%
Extract: utf_8.py... 100%
Extract: utf_8_sig.py... 100%
Extract: uu_codec.py... 100%
Extract: zlib_codec.py... 100%
Output folder: C:\Users\ANRA\AppData\Local\DWSIM7\Lib\ensurepip
Extract: __init__.py... 100%
Extract: __main__.py... 100%
Extract: _uninstall.py... 100%
Output folder: C:\Users\ANRA\AppData\Local\DWSIM7\Lib\ensurepip\_bundled
Extract: pip-19.2.3-py2.py3-none-any.whl... 100%
Extract: setuptools-41.2.0-py2.py3-none-any.whl... 100%
Output folder: C:\Users\ANRA\AppData\Local\DWSIM7\Lib\importlib
Extract: __init__.py... 100%
Output folder: C:\Users\ANRA\AppData\Local\DWSIM7\Lib\json
Extract: __init__.py... 100%
Extract: decoder.py... 100%
Extract: encoder.py... 100%
Extract: scanner.py... 100%
Extract: tool.py... 100%
Output folder: C:\Users\ANRA\AppData\Local\DWSIM7\Lib\lib2to3
Extract: __init__.py
Extract: __main__.py
Extract: btm_matcher.py... 100%
Extract: btm_utils.py... 100%
Extract: fixer_base.py... 100%
Extract: fixer_util.py... 100%
Extract: main.py... 100%
Extract: patcomp.py... 100%
Extract: pygram.py... 100%
Extract: pytree.py... 100%
Extract: refactor.py... 100%
Output folder: C:\Users\ANRA\AppData\Local\DWSIM7\Lib\lib2to3\fixes
Extract: __init__.py
Extract: fix_apply.py... 100%
Extract: fix_asserts.py... 100%
Extract: fix_basestring.py... 100%
Extract: fix_buffer.py... 100%
Extract: fix_dict.py... 100%
Extract: fix_except.py... 100%
Extract: fix_exec.py... 100%
Extract: fix_execfile.py... 100%
Extract: fix_exitfunc.py... 100%
Extract: fix_filter.py... 100%
Extract: fix_funcattrs.py... 100%
Extract: fix_future.py... 100%
Extract: fix_getcwdu.py... 100%
Extract: fix_has_key.py... 100%
Extract: fix_idioms.py... 100%
Extract: fix_import.py... 100%
Extract: fix_imports.py... 100%
Extract: fix_imports2.py... 100%
Extract: fix_input.py... 100%
Extract: fix_intern.py... 100%
Extract: fix_isinstance.py... 100%
Extract: fix_itertools.py... 100%
Extract: fix_itertools_imports.py... 100%
Extract: fix_long.py... 100%
Extract: fix_map.py... 100%
Extract: fix_metaclass.py... 100%
Extract: fix_methodattrs.py... 100%
Extract: fix_ne.py... 100%
Extract: fix_next.py... 100%
Extract: fix_nonzero.py... 100%
Extract: fix_numliterals.py... 100%
Extract: fix_operator.py... 100%
Extract: fix_paren.py... 100%
Extract: fix_print.py... 100%
Extract: fix_raise.py... 100%
Extract: fix_raw_input.py... 100%
Extract: fix_reduce.py... 100%
Extract: fix_renames.py... 100%
Extract: fix_repr.py... 100%
Extract: fix_set_literal.py... 100%
Extract: fix_standarderror.py... 100%
Extract: fix_sys_exc.py... 100%
Extract: fix_throw.py... 100%
Extract: fix_tuple_params.py... 100%
Extract: fix_types.py... 100%
Extract: fix_unicode.py... 100%
Extract: fix_urllib.py... 100%
Extract: fix_ws_comma.py... 100%
Extract: fix_xrange.py... 100%
Extract: fix_xreadlines.py... 100%
Extract: fix_zip.py... 100%
Output folder: C:\Users\ANRA\AppData\Local\DWSIM7\Lib\lib2to3\pgen2
Extract: __init__.py... 100%
Extract: conv.py... 100%
Extract: driver.py... 100%
Extract: grammar.py... 100%
Extract: literals.py... 100%
Extract: parse.py... 100%
Extract: pgen.py... 100%
Extract: token.py... 100%
Extract: tokenize.py... 100%
Output folder: C:\Users\ANRA\AppData\Local\DWSIM7\Lib\logging
Extract: __init__.py... 100%
Extract: config.py... 100%
Extract: handlers.py... 100%
Output folder: C:\Users\ANRA\AppData\Local\DWSIM7\Lib\multiprocessing
Extract: __init__.py... 100%
Extract: connection.py... 100%
Extract: forking.py... 100%
Extract: heap.py... 100%
Extract: managers.py... 100%
Extract: pool.py... 100%
Extract: process.py... 100%
Extract: queues.py... 100%
Extract: reduction.py... 100%
Extract: sharedctypes.py... 100%
Extract: synchronize.py... 100%
Extract: util.py... 100%
Output folder: C:\Users\ANRA\AppData\Local\DWSIM7\Lib\multiprocessing\dummy
Extract: __init__.py... 100%
Extract: connection.py... 100%
Output folder: C:\Users\ANRA\AppData\Local\DWSIM7\Lib\pydoc_data
Extract: __init__.py
Extract: topics.py... 100%
Output folder: C:\Users\ANRA\AppData\Local\DWSIM7\Lib\site-packages
Extract: README.txt
Output folder: C:\Users\ANRA\AppData\Local\DWSIM7\Lib\sqlite3
Extract: __init__.py... 100%
Extract: dbapi2.py... 100%
Extract: dump.py... 100%
Output folder: C:\Users\ANRA\AppData\Local\DWSIM7\Lib\unittest
Extract: __init__.py... 100%
Extract: __main__.py... 100%
Extract: case.py... 100%
Extract: loader.py... 100%
Extract: main.py... 100%
Extract: result.py... 100%
Extract: runner.py... 100%
Extract: signals.py... 100%
Extract: suite.py... 100%
Extract: util.py... 100%
Output folder: C:\Users\ANRA\AppData\Local\DWSIM7\Lib\wsgiref
Extract: __init__.py... 100%
Extract: handlers.py... 100%
Extract: headers.py... 100%
Extract: simple_server.py... 100%
Extract: util.py... 100%
Extract: validate.py... 100%
Output folder: C:\Users\ANRA\AppData\Local\DWSIM7\Lib\xml
Extract: __init__.py... 100%
Output folder: C:\Users\ANRA\AppData\Local\DWSIM7\Lib\xml\dom
Extract: NodeFilter.py... 100%
Extract: __init__.py... 100%
Extract: domreg.py... 100%
Extract: expatbuilder.py... 100%
Extract: minicompat.py... 100%
Extract: minidom.py... 100%
Extract: pulldom.py... 100%
Extract: xmlbuilder.py... 100%
Output folder: C:\Users\ANRA\AppData\Local\DWSIM7\Lib\xml\etree
Extract: ElementInclude.py... 100%
Extract: ElementPath.py... 100%
Extract: ElementTree.py... 100%
Extract: SimpleXMLTreeBuilder.py... 100%
Extract: __init__.py... 100%
Extract: cElementTree.py
Output folder: C:\Users\ANRA\AppData\Local\DWSIM7\Lib\xml\parsers
Extract: __init__.py... 100%
Extract: expat.py
Output folder: C:\Users\ANRA\AppData\Local\DWSIM7\Lib\xml\sax
Extract: __init__.py... 100%
Extract: _exceptions.py... 100%
Extract: expatreader.py... 100%
Extract: handler.py... 100%
Extract: saxutils.py... 100%
Extract: xmlreader.py... 100%
Output folder: C:\Users\ANRA\AppData\Local\DWSIM7\addcomps
Extract: Carbon.json... 100%
Extract: Casein.json... 100%
Extract: Coal.json... 100%
Extract: KOH.json... 100%
Extract: Lactose.json... 100%
Extract: Mercury.json... 100%
Extract: Methyl Oleate.json... 100%
Extract: Myristic Acid.json... 100%
Extract: Sulfuric acid.json... 100%
Extract: Triolein.json... 100%
Output folder: C:\Users\ANRA\AppData\Local\DWSIM7\data
Output folder: C:\Users\ANRA\AppData\Local\DWSIM7\data\licenses
Extract: WindowsAzureClientLibraries_License.rtf... 100%
Extract: chemsep_database.txt... 100%
Extract: dockpanel.txt... 100%
Extract: epl-v1.txt... 100%
Extract: gpl.txt... 100%
Extract: lgpl-2.1.txt... 100%
Extract: lgpl-3.0.txt... 100%
Extract: licencas.txt... 100%
Extract: mit.txt... 100%
Extract: myneoreport.txt... 100%
Extract: perl artistic license v2.txt... 100%
Extract: zedgraph.txt... 100%
Output folder: C:\Users\ANRA\AppData\Local\DWSIM7\data\reactions
Extract: Sour Water Reaction Set.dwrxm... 100%
Extract: Water Self-Ionization.dwrxm... 100%
Output folder: C:\Users\ANRA\AppData\Local\DWSIM7\data\translations
Extract: translations.json... 100%
Output folder: C:\Users\ANRA\AppData\Local\DWSIM7\data\unifac
Extract: 1,2-Dimethylpiperidine.png... 100%
Extract: 1-1-1-Trifluoroethane.png... 100%
Extract: 1-1-Dichloroethane.png
Extract: 1-1-Dimethylcyclohexane.png... 100%
Extract: 1-2-Ethandiole.png
Extract: 1-2-Propyleneglycol.png... 100%
Extract: 1-3-5-Trioxane.png... 100%
Extract: 1-3-Dioxane.png
Extract: 1-Chlorobutane.png... 100%
Extract: 1-Ethyl-2-Methylpiperidine.png... 100%
Extract: 1-Hexene.png
Extract: 1-Hexyne.png... 100%
Extract: 1-Methoxy-2-Propanol.png... 100%
Extract: 1-Methylcyclohexene.png... 100%
Extract: 1-Nitropropane.png... 100%
Extract: 1-Propanol.png... 100%
Extract: 1.1.3.3-Tetramethyldisiloxane.png... 100%
Extract: 1.2-Dimethylcyclohexene.png... 100%
Extract: 1.2-Epoxy-2-Methylpropane.png
Extract: 1.2-Propyleneoxide.png... 100%
Extract: 1.3-Dimethyldisiloxane.png... 100%
Extract: 2 Methylpyridine.png... 100%
Extract: 2,2-Diethoxyethane.png... 100%
Extract: 2,2-Diethoxymethane.png... 100%
Extract: 2,2-Diethoxypropane.png... 100%
Extract: 2,2-Dimethylpiperidine.png... 100%
Extract: 2,3-Dimethylpyrrole.png... 100%
Extract: 2,3-dimethyl-2,3-butanediol.png... 100%
Extract: 2,5-Dimethylthiophene.png... 100%
Extract: 2,6-Lupetidine.png... 100%
Extract: 2-2-Dichloropropane.png... 100%
Extract: 2-3 Dimethylpyridine.png... 100%
Extract: 2-3-Butanediol.png... 100%
Extract: 2-3-Dimethyl-2-Butene.png... 100%
Extract: 2-3-Dimethylpyridine.png... 100%
Extract: 2-6-Dimethylpyridine.png... 100%
Extract: 2-Ethoxy-1-Propanol.png... 100%
Extract: 2-Ethoxyethanol.png... 100%
Extract: 2-Hexene.png
Extract: 2-Hexyne.png... 100%
Extract: 2-Methyl-1,2-Propanediol.png... 100%
Extract: 2-Methyl-2,3-Butanediol.png... 100%
Extract: 2-Methylnitropropane.png... 100%
Extract: 2-Methylpyridine.png... 100%
Extract: 2-Methylpyrrole.png... 100%
Extract: 2-Methylthiophene.png... 100%
Extract: 2-Nitropropane.png
Extract: 2-Propanethiol.png... 100%
Extract: 2-Propanoneoxime.png... 100%
Extract: 2-chloropropane.png... 100%
Extract: 2-methyl-1-butene.png
Extract: 2-methyl-2-butene.png... 100%
Extract: 2.3-Epoxy-2-Methylbutane.png... 100%
Extract: 2.3-Epoxy-2.3-Dimethylbutane.png... 100%
Extract: 2.3-Epoxybutane.png... 100%
Extract: 2.4-Dimethylsulfolane.png
Extract: 3-Pentanone.png
Extract: AC-Br Bromobenzene.png... 100%
Extract: Acetamide.png
Extract: Aceticacid.png
Extract: Aceticanhydride.png... 100%
Extract: Acetonitrile.png... 100%
Extract: Acetophenone.png... 100%
Extract: Acetylbenzoylperoxide.png... 100%
Extract: Acrylonitrile.png... 100%
Extract: Aniline.png... 100%
Extract: Benzaldehyde.png... 100%
Extract: Benzenethiol.png
Extract: Benzofuran.png... 100%
Extract: Benzoicacid.png... 100%
Extract: Benzonitrile.png... 100%
Extract: Bromoethane.png... 100%
Extract: Butane.png... 100%
Extract: Butanone.png
Extract: C2H4O2 2-Ethoxy-1-Propanol.png... 100%
Extract: C2H5O2 2-Ethoxyethanol.png
Extract: C4H2S 2.3-Dimethylthiophene.png... 100%
Extract: C4H3S 2-Methylthiophene.png... 100%
Extract: C4H4S Thiophene.png... 100%
Extract: CCl3F Trichlorofluoromethane.png
Extract: CClF2 1.2-Dichlorotetrafluoroethane.png... 100%
Extract: CH2SuCH 2.4-Dimethylsulfolane.png... 100%
Extract: Carbondisulfide.png
Extract: Chlorobenzene.png... 100%
Extract: Chlorofluoromethylene.png
Extract: Chloroform.png
Extract: Chlorotrifluoromethane.png
Extract: Cumene.png... 100%
Extract: Cyclohexane.png
Extract: Cyclohexene.png... 100%
Extract: Cyclohexylamine.png... 100%
Extract: Di-Tert-Butylperoxide.png... 100%
Extract: Dibenzofuran.png... 100%
Extract: Dichlorodifluoromethane.png... 100%
Extract: Dichloromethane.png
Extract: Diethylamine.png... 100%
Extract: Diethylcarbonate.png... 100%
Extract: Diethylether.png... 100%
Extract: Diethylperoxide.png... 100%
Extract: Diethylsilane.png... 100%
Extract: Diethylsulfide.png... 100%
Extract: Difluorochloromethane.png
Extract: Difluoromethyl.png
Extract: Diisopropylamine.png... 100%
Extract: Diisopropylether.png... 100%
Extract: Diisopropylperoxide.png... 100%
Extract: Diisopropylsulfide.png... 100%
Extract: Dimethylamine.png
Extract: Dimethylaniline.png
Extract: Dimethylcarbonate.png... 100%
Extract: Dimethylether.png... 100%
Extract: Dimethylperoxide.png... 100%
Extract: Dimethylsulfide.png
Extract: Dimethylsulfoxide.png... 100%
Extract: Diphenylcarbonate.png... 100%
Extract: Empty.png... 100%
Extract: Ethane.png... 100%
Extract: Ethanethiol.png
Extract: Ethyl-Isopropyl-Ketone.png... 100%
Extract: Ethylamine.png... 100%
Extract: Ethylbenzene.png
Extract: Ethyleneoxide.png
Extract: Ethylformate.png... 100%
Extract: Ethylisocyanate.png... 100%
Extract: Ethylmethylcarbonate.png... 100%
Extract: Ethylphenylcarbonate.png
Extract: Fluoroform.png... 100%
Extract: Fluoromethylene.png
Extract: Formaldehyde.png... 100%
Extract: Formicacid.png
Extract: Furan.png... 100%
Extract: Furfural.png
Extract: Glycerol.png... 100%
Extract: HCCl2F Dichlorofluoromethane.png... 100%
Extract: HCClF 1-Chloro-1.2.2.2-Tetrafluoroethane.png... 100%
Extract: Heptamethyltrisiloxane.png... 100%
Extract: Hexafluorobenzene.png... 100%
Extract: Hexamethyldisiloxane.png... 100%
Extract: Iodoethane.png... 100%
Extract: Isobutane.png... 100%
Extract: Isobutyronitrile.png... 100%
Extract: Isopropylalkohol.png
Extract: Isopropylamine.png... 100%
Extract: Isopropylisocyanate.png... 100%
Extract: MORPH Morpholine.png
Extract: Methanethiol.png... 100%
Extract: Methanol.png... 100%
Extract: Methyl Phenylsulfide.png... 100%
Extract: Methyl tert-Butylsulfide.png... 100%
Extract: Methyl-Tert-Butyl-Ketone.png... 100%
Extract: Methylacrylate.png... 100%
Extract: Methylamine.png
Extract: Methylcyclohexane.png... 100%
Extract: Methylisocyanate.png... 100%
Extract: Methylphenylsulfone.png... 100%
Extract: Methylpropionate.png
Extract: Methylsilane.png
Extract: N-Ethylformamide.png... 100%
Extract: N-Ethylpyrrolidone.png... 100%
Extract: N-Isopropylpyrrolidone.png... 100%
Extract: N-Methylformamide.png... 100%
Extract: N-Methylpyrrolidone_.png... 100%
Extract: N-N-Diethylacetamide.png... 100%
Extract: N-N-Diethylformamide.png
Extract: N-N-Dimethylformamide.png... 100%
Extract: N-N-Methylethylacetamide.png... 100%
Extract: N-Tert-Butylpyrrolidone.png... 100%
Extract: N.N-Diethylacetamid.png... 100%
Extract: N.N-Dimethylacetamide.png
Extract: N.N-Methylethylacetamidd.png
Extract: Naphthalene.png... 100%
Extract: Neopentane.png... 100%
Extract: Nitrobenzene.png... 100%
Extract: Nitromethane.png... 100%
Extract: Octamethylcyclotetrasiloxane.png... 100%
Extract: Perfluorohexane.png... 100%
Extract: Perfluoromethylcyclohexane.png... 100%
Extract: Phenol.png... 100%
Extract: Phenyl-Tert-Pentanoate.png
Extract: Phenylacetate.png... 100%
Extract: Phenylisobutyrate.png... 100%
Extract: Phenylisocyanate.png... 100%
Extract: Phenylpropionate.png... 100%
Extract: Piperazine.png... 100%
Extract: Propanal.png... 100%
Extract: Propanaloxime.png... 100%
Extract: Propiolactam.png... 100%
Extract: Propiolactone.png... 100%
Extract: Propionitrile.png... 100%
Extract: Pyridine.png... 100%
Extract: Pyridine_.png... 100%
Extract: Pyrrole.png... 100%
Extract: Styrene.png... 100%
Extract: Sulfolane.png... 100%
Extract: THF Tetrahydrofuran.png... 100%
Extract: Tert-Butanethiol.png... 100%
Extract: Tert-Butanol.png
Extract: Tert-Butylamine.png
Extract: Tert-Butylbenzene.png... 100%
Extract: Tertbutylchloride.png... 100%
Extract: Tetrachloro-1.2-Difluoroethan.png... 100%
Extract: Tetrachloroethene.png... 100%
Extract: Tetrachloromethane.png
Extract: Tetrafluoromethane.png
Extract: Tetrahydrofuran.png
Extract: Thiophene.png... 100%
Extract: Toluene.png... 100%
Extract: Trichloroethane.png... 100%
Extract: Trichloroethylene.png
Extract: Triethylamine.png... 100%
Extract: Trimethylamine.png... 100%
Extract: Trimethyloxirane.png... 100%
Extract: Water.png... 100%
Extract: butylacetate.png... 100%
Extract: hexane.png
Extract: n,n-Diethylaniline.png... 100%
Extract: n,n-Dimetylaniline.png... 100%
Extract: n-Ethyl-n-Methylaniline.png... 100%
Extract: n-Ethylacetamide.png
Extract: n-Ethylaniline.png... 100%
Extract: n-Ethylpiperidine.png... 100%
Extract: n-Isopropyl-2-Methylpiperidine.png... 100%
Extract: n-Isopropylaniline.png... 100%
Extract: n-Isopropylpiperidine.png... 100%
Extract: n-Methylacetamide.png
Extract: n-Methylaniline.png... 100%
Extract: n-Methylaniline_.png... 100%
Extract: n-Methylpiperidine.png... 100%
Extract: n-Methylpyrrolidone.png
Extract: octane.png
Extract: tert-Butylnitrile.png... 100%
Output folder: C:\Users\ANRA\AppData\Local\DWSIM7\de
Extract: DWSIM.FlowsheetBase.resources.dll... 100%
Extract: DWSIM.Thermodynamics.resources.dll... 100%
Extract: DWSIM.UnitOperations.resources.dll... 100%
Extract: DWSIM.resources.dll... 100%
Extract: Xceed.Wpf.AvalonDock.resources.dll... 100%
Extract: ZedGraph.resources.dll... 100%
Output folder: C:\Users\ANRA\AppData\Local\DWSIM7\docs
Extract: user_guide.pdf... 100%
Output folder: C:\Users\ANRA\AppData\Local\DWSIM7\dwsim-web-ui
Extract: asset-manifest.json... 100%
Extract: favicon.ico... 100%
Extract: index.html... 100%
Extract: logo192.png... 100%
Extract: logo512.png
Extract: manifest.json... 100%
Extract: robots.txt
Extract: s365-full-logo.png... 100%
Output folder: C:\Users\ANRA\AppData\Local\DWSIM7\dwsim-web-ui\static
Output folder: C:\Users\ANRA\AppData\Local\DWSIM7\dwsim-web-ui\static\css
Extract: main.dece89b7.chunk.css... 100%
Extract: main.dece89b7.chunk.css.map... 100%
Output folder: C:\Users\ANRA\AppData\Local\DWSIM7\dwsim-web-ui\static\js
Extract: 2.b4be634c.chunk.js... 100%
Extract: 2.b4be634c.chunk.js.LICENSE.txt... 100%
Extract: 2.b4be634c.chunk.js.map... 100%
Extract: 3.6c382a03.chunk.js... 100%
Extract: 3.6c382a03.chunk.js.map... 100%
Extract: main.f0e2ceba.chunk.js... 100%
Extract: main.f0e2ceba.chunk.js.map... 100%
Extract: runtime-main.60a9470f.js... 100%
Extract: runtime-main.60a9470f.js.map... 100%
Output folder: C:\Users\ANRA\AppData\Local\DWSIM7\dwsim-web-ui\static\media
Extract: folder.d9362600.svg... 100%
Output folder: C:\Users\ANRA\AppData\Local\DWSIM7\en
Extract: DWSIM.SharedClasses.resources.dll... 100%
Extract: DWSIM.Thermodynamics.resources.dll... 100%
Extract: DWSIM.UnitOperations.resources.dll... 100%
Extract: DWSIM.resources.dll... 100%
Extract: ZedGraph.resources.dll... 100%
Extract: unvell.ReoGridEditor.resources.dll... 100%
Output folder: C:\Users\ANRA\AppData\Local\DWSIM7\es
Extract: DWSIM.Thermodynamics.resources.dll... 100%
Extract: DWSIM.UnitOperations.resources.dll... 100%
Extract: DWSIM.resources.dll... 100%
Extract: Xceed.Wpf.AvalonDock.resources.dll... 100%
Extract: ZedGraph.resources.dll... 100%
Output folder: C:\Users\ANRA\AppData\Local\DWSIM7\extenders
Output folder: C:\Users\ANRA\AppData\Local\DWSIM7\fr
Extract: Xceed.Wpf.AvalonDock.resources.dll... 100%
Output folder: C:\Users\ANRA\AppData\Local\DWSIM7\help
Extract: 0 Welcome.htm... 100%
Extract: 1 Disclaimer.htm... 100%
Extract: 1 GPL_v3_License.htm... 100%
Extract: 1 Introduction.htm... 100%
Extract: CONF_DBManager.htm... 100%
Extract: CONF_GlobalSettings1.htm... 100%
Extract: CONF_GlobalSettings2.htm... 100%
Extract: CONF_GlobalSettings3.htm... 100%
Extract: CONF_GlobalSettings5.htm... 100%
Extract: CONF_GlobalSettings6.htm... 100%
Extract: CONF_GlobalSettings7.htm... 100%
Extract: Component Creator 0.htm... 100%
Extract: Component Creator 1.htm... 100%
Extract: Component Creator 2.htm... 100%
Extract: Component Creator 3.htm... 100%
Extract: Component Creator 4.htm... 100%
Extract: Component Creator.htm... 100%
Extract: ComponentCreatorStart.htm... 100%
Extract: ContentScripts.js... 100%
Extract: DWSIMstyle.css... 100%
Extract: Footer.htm... 100%
Extract: Frame.htm... 100%
Extract: GO_MasterPropertyTable.htm... 100%
Extract: GO_Picture.htm... 100%
Extract: GO_SpreadsheetTable.htm... 100%
Extract: GO_Textbox.htm... 100%
Extract: Header.htm... 100%
Extract: Menue.htm... 100%
Extract: NoHelp.htm... 100%
Extract: SO_Adjust.htm... 100%
Extract: SO_CakeFilter.htm... 100%
Extract: SO_CompSep.htm... 100%
Extract: SO_Compressor.htm... 100%
Extract: SO_Cooler.htm... 100%
Extract: SO_CustomUO.htm... 100%
Extract: SO_Energy_Stream.htm... 100%
Extract: SO_ExcelUO.htm... 100%
Extract: SO_Expander.htm... 100%
Extract: SO_FlowsheetUO.htm... 100%
Extract: SO_Heater.htm... 100%
Extract: SO_Heatexchanger.htm... 100%
Extract: SO_Material_Stream.htm... 100%
Extract: SO_Mixer.htm... 100%
Extract: SO_OrificePlate.htm... 100%
Extract: SO_Pipe_Segment.htm... 100%
Extract: SO_Pump.htm... 100%
Extract: SO_PumpCurveEditor.htm... 100%
Extract: SO_Reactor.htm... 100%
Extract: SO_Recycle.htm... 100%
Extract: SO_Rigorous_Column.htm... 100%
Extract: SO_Separator.htm... 100%
Extract: SO_Shortcut_Column.htm... 100%
Extract: SO_SolidSeparator.htm... 100%
Extract: SO_Specification.htm... 100%
Extract: SO_Splitter.htm... 100%
Extract: SO_Tank.htm... 100%
Extract: SO_Valve.htm... 100%
Extract: UR_Case_Definition_1.htm... 100%
Extract: UR_Data_Regression_3.htm... 100%
Extract: UR_Diagrams_4.htm... 100%
Extract: UR_Introduction_0.htm... 100%
Extract: UR_Model_Definition_2.htm... 100%
Extract: UT_BinaryEnvelope.htm... 100%
Extract: UT_ColdFlowProps.htm... 100%
Extract: UT_HydrateDissociation.htm... 100%
Extract: UT_PSVSizing.htm... 100%
Extract: UT_PhaseEnvelope.htm... 100%
Extract: UT_PureCompProps.htm... 100%
Extract: UT_Triangular_LLE.htm... 100%
Extract: UT_TrueCriticalPoint.htm... 100%
Extract: UT_VesselSizing.htm... 100%
Output folder: C:\Users\ANRA\AppData\Local\DWSIM7\help\ExcelAddInHelp
Extract: CalcProp.htm... 100%
Extract: DWSIMstyle.css... 100%
Extract: EX_Installation_1.htm... 100%
Extract: EX_Introduction_0.htm... 100%
Extract: EX_Overriding_IPs_3.htm... 100%
Extract: EX_Usage_2.htm... 100%
Extract: ExcelAddInHelp.chw... 100%
Extract: ExcelAddInHelp.hhp... 100%
Extract: GetCompoundConstants.htm... 100%
Extract: GetCompoundList.htm... 100%
Extract: GetCompoundProp.htm... 100%
Extract: GetCompoundPropList.htm... 100%
Extract: GetInteractionParameterSet.htm... 100%
Extract: GetModelList.htm... 100%
Extract: GetPhaseList.htm... 100%
Extract: GetPropList.htm... 100%
Extract: GetPropPackList.htm... 100%
Extract: GetUserInteractionParameterSet.htm... 100%
Extract: Index.hhk... 100%
Extract: Log1.log... 100%
Extract: PHFlash.htm... 100%
Extract: PHFlash2.htm... 100%
Extract: PSFlash.htm... 100%
Extract: PSFlash2.htm... 100%
Extract: PTFlash.htm... 100%
Extract: PVFFlash.htm... 100%
Extract: PVFFlash2.htm... 100%
Extract: TVFFlash.htm... 100%
Extract: TVFFlash2.htm... 100%
Extract: Table of Contents.hhc... 100%
Output folder: C:\Users\ANRA\AppData\Local\DWSIM7\help\ExcelAddInHelp\Pictures
Extract: Excel01.png... 100%
Extract: Excel02.png... 100%
Extract: Excel03.png... 100%
Extract: Excel03a.png... 100%
Extract: Excel03b.png... 100%
Extract: Excel04.png... 100%
Extract: Excel05.png... 100%
Extract: Excel06.png... 100%
Extract: Excel07.png... 100%
Extract: Excel08.png... 100%
Extract: Excel09.png... 100%
Extract: Excel10.png
Extract: Excel11.png... 100%
Extract: Excel12.png... 100%
Extract: Excel13.png... 100%
Extract: arrow-down.gif
Extract: arrow-up.gif
Output folder: C:\Users\ANRA\AppData\Local\DWSIM7\help\Pictures
Extract: CONF0_1.png... 100%
Extract: CONF0_2.png... 100%
Extract: CONF0_3.png... 100%
Extract: CONF0_5.png... 100%
Extract: CONF0_6.png... 100%
Extract: CONF0_7.png... 100%
Extract: CONF_DBManager.png... 100%
Extract: CompCreator1.png... 100%
Extract: CompCreator1a.png
Extract: CompCreator2.png... 100%
Extract: CompCreator2a.png... 100%
Extract: CompCreator3.png... 100%
Extract: CompCreator4.png
Extract: CompCreatorBO.png... 100%
Extract: GO_LinkedSpreadsheetTable0.png... 100%
Extract: GO_LinkedSpreadsheetTable1.png... 100%
Extract: GO_LinkedSpreadsheetTable2.png... 100%
Extract: GO_MasterPropertyTable0.png... 100%
Extract: GO_MasterPropertyTable1.png... 100%
Extract: GO_MasterPropertyTable2.png
Extract: GO_Picture.png... 100%
Extract: GO_Textbox.png... 100%
Extract: SO_Adjust1.png... 100%
Extract: SO_Adjust2.png... 100%
Extract: SO_Adjust3.png... 100%
Extract: SO_CakeFilter1.png... 100%
Extract: SO_CakeFilter2.png... 100%
Extract: SO_CakeFilter3.png
Extract: SO_CompSep1.png... 100%
Extract: SO_CompSep2.png... 100%
Extract: SO_Compressor1.png... 100%
Extract: SO_Compressor2.png... 100%
Extract: SO_Compressor3.png... 100%
Extract: SO_Compressor4.png
Extract: SO_Compressor5.png
Extract: SO_Compressor6.png... 100%
Extract: SO_Compressor7.png... 100%
Extract: SO_Compressor8.png... 100%
Extract: SO_Cooler1.png... 100%
Extract: SO_CustomUO1.png... 100%
Extract: SO_ExcelUO1.png... 100%
Extract: SO_ExcelUO2.png... 100%
Extract: SO_ExcelUO3.png
Extract: SO_Expander1.png... 100%
Extract: SO_Expander2.png... 100%
Extract: SO_FlowsheetUO1.png... 100%
Extract: SO_FlowsheetUO2.png... 100%
Extract: SO_FlowsheetUO3.png... 100%
Extract: SO_FlowsheetUO4.png... 100%
Extract: SO_FlowsheetUO5.png... 100%
Extract: SO_Heater1.png... 100%
Extract: SO_Heatexchanger1.png... 100%
Extract: SO_Heatexchanger2.png... 100%
Extract: SO_Heatexchanger3.png
Extract: SO_Mixer1.png
Extract: SO_OrificePlate1.png... 100%
Extract: SO_Pipe1.png... 100%
Extract: SO_Pipe2.png... 100%
Extract: SO_Pipe3.png... 100%
Extract: SO_Pipe4.png... 100%
Extract: SO_Pump1.png... 100%
Extract: SO_Pump10.png... 100%
Extract: SO_Pump2.png... 100%
Extract: SO_Pump3.png... 100%
Extract: SO_Pump4.png... 100%
Extract: SO_Pump5.png... 100%
Extract: SO_Pump6.png... 100%
Extract: SO_Pump7.png... 100%
Extract: SO_Pump8.png... 100%
Extract: SO_Pump9.png... 100%
Extract: SO_Reactor1.png... 100%
Extract: SO_Reactor2.png... 100%
Extract: SO_Recycle.png... 100%
Extract: SO_Rigorous_Column1.png
Extract: SO_Separator.png... 100%
Extract: SO_ShortcutColumn1.png... 100%
Extract: SO_SolidSeparator1.png... 100%
Extract: SO_Specification1.png
Extract: SO_Specification2.png
Extract: SO_Splitter1.png... 100%
Extract: SO_Stream1.png
Extract: SO_Stream2.png... 100%
Extract: SO_Stream3.png... 100%
Extract: SO_Tank1.png... 100%
Extract: SO_Valve.png... 100%
Extract: StartCompCreator.png
Extract: StartCompCreator2.png
Extract: UR_01.png... 100%
Extract: UR_02.png... 100%
Extract: UR_03.png... 100%
Extract: UR_04.png... 100%
Extract: UR_05.png... 100%
Extract: UT_BinaryEnvelope1.png
Extract: UT_ColdFlowProps1.png... 100%
Extract: UT_FlashVessel.png... 100%
Extract: UT_HydrateDissociation1.png... 100%
Extract: UT_HydrateDissociation2.png
Extract: UT_PSV.png... 100%
Extract: UT_PhaseEnvelope1.png... 100%
Extract: UT_PureCompProps1.png... 100%
Extract: UT_PureCompProps2.png... 100%
Extract: UT_PureCompProps3.png... 100%
Extract: UT_PureCompProps4.png... 100%
Extract: UT_Triangular_LLE.png... 100%
Extract: UT_TrueCriticalPoint1.png... 100%
Extract: WorkInProgress.png... 100%
Extract: application_edit.png
Extract: arrow-down.gif
Extract: arrow-up.gif
Extract: cross.png
Extract: disconnect.png
Extract: dwsim 3 bg.png
Extract: lock.png
Output folder: C:\Users\ANRA\AppData\Local\DWSIM7\hu
Extract: Xceed.Wpf.AvalonDock.resources.dll... 100%
Output folder: C:\Users\ANRA\AppData\Local\DWSIM7\it
Extract: Xceed.Wpf.AvalonDock.resources.dll... 100%
Output folder: C:\Users\ANRA\AppData\Local\DWSIM7\plugins
Extract: DWSIM.Plugins.HeatOfCombustion.dll... 100%
Extract: DWSIM.Plugins.HeatOfCombustion.dll.config... 100%
Extract: DWSIM.Plugins.HeatOfCombustion.pdb... 100%
Extract: DWSIM.Plugins.HeatOfCombustion.xml... 100%
Extract: DWSIMOPCClient.Config.xml... 100%
Extract: DWSIMOPCClient.Endpoints.xml... 100%
Extract: DWSIMOPCClient.dll... 100%
Extract: DWSIMOPCClient.dll.config... 100%
Extract: DWSIMOPCClient.pdb... 100%
Extract: DWSIMOPCClient.xml... 100%
Extract: NaturalGas.dll... 100%
Extract: NaturalGas.dll.config... 100%
Extract: NaturalGas.pdb... 100%
Extract: NaturalGas.xml... 100%
Extract: ObjectExplorer.dll... 100%
Extract: System.Buffers.dll... 100%
Extract: System.Buffers.xml... 100%
Extract: System.Runtime.CompilerServices.Unsafe.dll... 100%
Extract: System.Runtime.CompilerServices.Unsafe.xml... 100%
Output folder: C:\Users\ANRA\AppData\Local\DWSIM7\plugins\opclibraries
Extract: App.ico... 100%
Extract: BouncyCastle.Crypto.dll... 100%
Extract: BouncyCastle.Crypto.xml... 100%
Extract: Ciloci.Flee.dll... 100%
Extract: Microsoft.AspNetCore.Connections.Abstractions.dll... 100%
Extract: Microsoft.AspNetCore.Connections.Abstractions.xml... 100%
Extract: Microsoft.AspNetCore.Hosting.Abstractions.dll... 100%
Extract: Microsoft.AspNetCore.Hosting.Abstractions.xml... 100%
Extract: Microsoft.AspNetCore.Hosting.Server.Abstractions.dll... 100%
Extract: Microsoft.AspNetCore.Hosting.Server.Abstractions.xml... 100%
Extract: Microsoft.AspNetCore.Hosting.dll... 100%
Extract: Microsoft.AspNetCore.Hosting.xml... 100%
Extract: Microsoft.AspNetCore.Http.Abstractions.dll... 100%
Extract: Microsoft.AspNetCore.Http.Abstractions.xml... 100%
Extract: Microsoft.AspNetCore.Http.Extensions.dll... 100%
Extract: Microsoft.AspNetCore.Http.Extensions.xml... 100%
Extract: Microsoft.AspNetCore.Http.Features.dll... 100%
Extract: Microsoft.AspNetCore.Http.Features.xml... 100%
Extract: Microsoft.AspNetCore.Http.dll... 100%
Extract: Microsoft.AspNetCore.Http.xml... 100%
Extract: Microsoft.AspNetCore.Server.Kestrel.Core.dll... 100%
Extract: Microsoft.AspNetCore.Server.Kestrel.Core.xml... 100%
Extract: Microsoft.AspNetCore.Server.Kestrel.Https.dll... 100%
Extract: Microsoft.AspNetCore.Server.Kestrel.Https.xml... 100%
Extract: Microsoft.AspNetCore.Server.Kestrel.Transport.Abstractions.dll... 100%
Extract: Microsoft.AspNetCore.Server.Kestrel.Transport.Abstractions.xml... 100%
Extract: Microsoft.AspNetCore.Server.Kestrel.Transport.Sockets.dll... 100%
Extract: Microsoft.AspNetCore.Server.Kestrel.Transport.Sockets.xml... 100%
Extract: Microsoft.AspNetCore.Server.Kestrel.dll... 100%
Extract: Microsoft.AspNetCore.Server.Kestrel.xml... 100%
Extract: Microsoft.AspNetCore.WebUtilities.dll... 100%
Extract: Microsoft.AspNetCore.WebUtilities.xml... 100%
Extract: Microsoft.Extensions.Configuration.Abstractions.dll... 100%
Extract: Microsoft.Extensions.Configuration.Abstractions.xml... 100%
Extract: Microsoft.Extensions.Configuration.Binder.dll... 100%
Extract: Microsoft.Extensions.Configuration.Binder.xml... 100%
Extract: Microsoft.Extensions.Configuration.EnvironmentVariables.dll... 100%
Extract: Microsoft.Extensions.Configuration.EnvironmentVariables.xml... 100%
Extract: Microsoft.Extensions.Configuration.FileExtensions.dll... 100%
Extract: Microsoft.Extensions.Configuration.FileExtensions.xml... 100%
Extract: Microsoft.Extensions.Configuration.dll... 100%
Extract: Microsoft.Extensions.Configuration.xml... 100%
Extract: Microsoft.Extensions.DependencyInjection.Abstractions.dll... 100%
Extract: Microsoft.Extensions.DependencyInjection.Abstractions.xml... 100%
Extract: Microsoft.Extensions.DependencyInjection.dll... 100%
Extract: Microsoft.Extensions.DependencyInjection.xml... 100%
Extract: Microsoft.Extensions.FileProviders.Abstractions.dll... 100%
Extract: Microsoft.Extensions.FileProviders.Abstractions.xml... 100%
Extract: Microsoft.Extensions.FileProviders.Physical.dll... 100%
Extract: Microsoft.Extensions.FileProviders.Physical.xml... 100%
Extract: Microsoft.Extensions.FileSystemGlobbing.dll... 100%
Extract: Microsoft.Extensions.FileSystemGlobbing.xml... 100%
Extract: Microsoft.Extensions.Hosting.Abstractions.dll... 100%
Extract: Microsoft.Extensions.Hosting.Abstractions.xml... 100%
Extract: Microsoft.Extensions.Logging.Abstractions.dll... 100%
Extract: Microsoft.Extensions.Logging.Abstractions.xml... 100%
Extract: Microsoft.Extensions.Logging.dll... 100%
Extract: Microsoft.Extensions.Logging.xml... 100%
Extract: Microsoft.Extensions.ObjectPool.dll... 100%
Extract: Microsoft.Extensions.ObjectPool.xml... 100%
Extract: Microsoft.Extensions.Options.dll... 100%
Extract: Microsoft.Extensions.Options.xml... 100%
Extract: Microsoft.Extensions.Primitives.dll... 100%
Extract: Microsoft.Extensions.Primitives.xml... 100%
Extract: Microsoft.Net.Http.Headers.dll... 100%
Extract: Microsoft.Net.Http.Headers.xml... 100%
Extract: Microsoft.ServiceBus.dll... 100%
Extract: Microsoft.Win32.Primitives.dll... 100%
Extract: Newtonsoft.Json.dll... 100%
Extract: Opc.Ua.Client.ComplexTypes.dll... 100%
Extract: Opc.Ua.Client.dll... 100%
Extract: Opc.Ua.ClientControls.dll... 100%
Extract: Opc.Ua.ClientControls.dll.config... 100%
Extract: Opc.Ua.ClientControls.pdb... 100%
Extract: Opc.Ua.Configuration.dll... 100%
Extract: Opc.Ua.Core.dll... 100%
Extract: Opc.Ua.Gds.Client.Common.dll... 100%
Extract: Opc.Ua.Gds.Server.Common.dll... 100%
Extract: Opc.Ua.Sample.dll... 100%
Extract: Opc.Ua.Sample.pdb... 100%
Extract: Opc.Ua.SampleClient.Config.xml... 100%
Extract: Opc.Ua.SampleClient.Endpoints.xml... 100%
Extract: Opc.Ua.SampleClient.exe... 100%
Extract: Opc.Ua.SampleClient.exe.config... 100%
Extract: Opc.Ua.SampleClient.pdb... 100%
Extract: Opc.Ua.SampleControls.dll... 100%
Extract: Opc.Ua.SampleControls.dll.config... 100%
Extract: Opc.Ua.SampleControls.pdb... 100%
Extract: Opc.Ua.Server.dll... 100%
Extract: System.AppContext.dll... 100%
Extract: System.Buffers.dll... 100%
Extract: System.Buffers.xml... 100%
Extract: System.Collections.Concurrent.dll... 100%
Extract: System.Collections.Immutable.dll... 100%
Extract: System.Collections.Immutable.xml... 100%
Extract: System.Collections.NonGeneric.dll... 100%
Extract: System.Collections.Specialized.dll... 100%
Extract: System.Collections.dll... 100%
Extract: System.ComponentModel.Annotations.dll... 100%
Extract: System.ComponentModel.EventBasedAsync.dll... 100%
Extract: System.ComponentModel.Primitives.dll... 100%
Extract: System.ComponentModel.TypeConverter.dll... 100%
Extract: System.ComponentModel.dll... 100%
Extract: System.Console.dll... 100%
Extract: System.Data.Common.dll... 100%
Extract: System.Diagnostics.Contracts.dll... 100%
Extract: System.Diagnostics.Debug.dll... 100%
Extract: System.Diagnostics.DiagnosticSource.dll... 100%
Extract: System.Diagnostics.DiagnosticSource.xml... 100%
Extract: System.Diagnostics.FileVersionInfo.dll... 100%
Extract: System.Diagnostics.Process.dll... 100%
Extract: System.Diagnostics.StackTrace.dll... 100%
Extract: System.Diagnostics.TextWriterTraceListener.dll... 100%
Extract: System.Diagnostics.Tools.dll... 100%
Extract: System.Diagnostics.TraceSource.dll... 100%
Extract: System.Diagnostics.Tracing.dll... 100%
Extract: System.Drawing.Primitives.dll... 100%
Extract: System.Dynamic.Runtime.dll... 100%
Extract: System.Globalization.Calendars.dll... 100%
Extract: System.Globalization.Extensions.dll... 100%
Extract: System.Globalization.dll... 100%
Extract: System.IO.Compression.ZipFile.dll... 100%
Extract: System.IO.Compression.dll... 100%
Extract: System.IO.FileSystem.DriveInfo.dll... 100%
Extract: System.IO.FileSystem.Primitives.dll... 100%
Extract: System.IO.FileSystem.Watcher.dll... 100%
Extract: System.IO.FileSystem.dll... 100%
Extract: System.IO.IsolatedStorage.dll... 100%
Extract: System.IO.MemoryMappedFiles.dll... 100%
Extract: System.IO.Pipelines.dll... 100%
Extract: System.IO.Pipelines.xml... 100%
Extract: System.IO.Pipes.dll... 100%
Extract: System.IO.UnmanagedMemoryStream.dll... 100%
Extract: System.IO.dll... 100%
Extract: System.Linq.Expressions.dll... 100%
Extract: System.Linq.Parallel.dll... 100%
Extract: System.Linq.Queryable.dll... 100%
Extract: System.Linq.dll... 100%
Extract: System.Memory.dll... 100%
Extract: System.Memory.xml... 100%
Extract: System.Net.Http.dll... 100%
Extract: System.Net.NameResolution.dll... 100%
Extract: System.Net.NetworkInformation.dll... 100%
Extract: System.Net.Ping.dll... 100%
Extract: System.Net.Primitives.dll... 100%
Extract: System.Net.Requests.dll... 100%
Extract: System.Net.Security.dll... 100%
Extract: System.Net.Sockets.dll... 100%
Extract: System.Net.WebHeaderCollection.dll... 100%
Extract: System.Net.WebSockets.Client.dll... 100%
Extract: System.Net.WebSockets.dll... 100%
Extract: System.Numerics.Vectors.dll... 100%
Extract: System.Numerics.Vectors.xml... 100%
Extract: System.ObjectModel.dll... 100%
Extract: System.Reflection.Extensions.dll... 100%
Extract: System.Reflection.Metadata.dll... 100%
Extract: System.Reflection.Metadata.xml... 100%
Extract: System.Reflection.Primitives.dll... 100%
Extract: System.Reflection.TypeExtensions.dll... 100%
Extract: System.Reflection.dll... 100%
Extract: System.Resources.Reader.dll... 100%
Extract: System.Resources.ResourceManager.dll... 100%
Extract: System.Resources.Writer.dll... 100%
Extract: System.Runtime.CompilerServices.Unsafe.dll... 100%
Extract: System.Runtime.CompilerServices.Unsafe.xml... 100%
Extract: System.Runtime.CompilerServices.VisualC.dll... 100%
Extract: System.Runtime.Extensions.dll... 100%
Extract: System.Runtime.Handles.dll... 100%
Extract: System.Runtime.InteropServices.RuntimeInformation.dll... 100%
Extract: System.Runtime.InteropServices.dll... 100%
Extract: System.Runtime.Numerics.dll... 100%
Extract: System.Runtime.Serialization.Formatters.dll... 100%
Extract: System.Runtime.Serialization.Json.dll... 100%
Extract: System.Runtime.Serialization.Primitives.dll... 100%
Extract: System.Runtime.Serialization.Xml.dll... 100%
Extract: System.Runtime.dll... 100%
Extract: System.Security.Claims.dll... 100%
Extract: System.Security.Cryptography.Algorithms.dll... 100%
Extract: System.Security.Cryptography.Cng.dll... 100%
Extract: System.Security.Cryptography.Csp.dll... 100%
Extract: System.Security.Cryptography.Encoding.dll... 100%
Extract: System.Security.Cryptography.Primitives.dll... 100%
Extract: System.Security.Cryptography.X509Certificates.dll... 100%
Extract: System.Security.Principal.dll... 100%
Extract: System.Security.SecureString.dll... 100%
Extract: System.ServiceModel.Primitives.dll... 100%
Extract: System.Text.Encoding.Extensions.dll... 100%
Extract: System.Text.Encoding.dll... 100%
Extract: System.Text.Encodings.Web.dll... 100%
Extract: System.Text.Encodings.Web.xml... 100%
Extract: System.Text.RegularExpressions.dll... 100%
Extract: System.Threading.Overlapped.dll... 100%
Extract: System.Threading.Tasks.Extensions.dll... 100%
Extract: System.Threading.Tasks.Extensions.xml... 100%
Extract: System.Threading.Tasks.Parallel.dll... 100%
Extract: System.Threading.Tasks.dll... 100%
Extract: System.Threading.Thread.dll... 100%
Extract: System.Threading.ThreadPool.dll... 100%
Extract: System.Threading.Timer.dll... 100%
Extract: System.Threading.dll... 100%
Extract: System.ValueTuple.dll... 100%
Extract: System.Xml.ReaderWriter.dll... 100%
Extract: System.Xml.XDocument.dll... 100%
Extract: System.Xml.XPath.XDocument.dll... 100%
Extract: System.Xml.XPath.dll... 100%
Extract: System.Xml.XmlDocument.dll... 100%
Extract: System.Xml.XmlSerializer.dll... 100%
Extract: netstandard.dll... 100%
Output folder: C:\Users\ANRA\AppData\Local\DWSIM7\ppacks
Extract: DWSIM.Thermodynamics.PropertyPackages.ExtendedCoolProp.dll... 100%
Extract: DWSIM.Thermodynamics.PropertyPackages.ExtendedCoolProp.pdb... 100%
Extract: DWSIM.Thermodynamics.PropertyPackages.ExtendedCoolProp.xml... 100%
Output folder: C:\Users\ANRA\AppData\Local\DWSIM7\pt
Extract: DWSIM.UI.Forms.resources.dll... 100%
Output folder: C:\Users\ANRA\AppData\Local\DWSIM7\pt-BR
Extract: DWSIM.CrossPlatform.UI.Controls.ReoGrid.resources.dll... 100%
Extract: Xceed.Wpf.AvalonDock.resources.dll... 100%
Extract: ZedGraph.resources.dll... 100%
Extract: unvell.ReoGridEditor.resources.dll... 100%
Output folder: C:\Users\ANRA\AppData\Local\DWSIM7\registry
Extract: CO_register_admin.reg... 100%
Extract: CO_register_user.reg... 100%
Extract: CO_unregister_admin.reg... 100%
Extract: CO_unregister_user.reg... 100%
Output folder: C:\Users\ANRA\AppData\Local\DWSIM7\ro
Extract: Xceed.Wpf.AvalonDock.resources.dll... 100%
Output folder: C:\Users\ANRA\AppData\Local\DWSIM7\ru
Extract: Xceed.Wpf.AvalonDock.resources.dll... 100%
Output folder: C:\Users\ANRA\AppData\Local\DWSIM7\runtimes
Output folder: C:\Users\ANRA\AppData\Local\DWSIM7\runtimes\win-arm64
Output folder: C:\Users\ANRA\AppData\Local\DWSIM7\runtimes\win-arm64\native
Extract: WebView2Loader.dll... 100%
Output folder: C:\Users\ANRA\AppData\Local\DWSIM7\runtimes\win-x64
Output folder: C:\Users\ANRA\AppData\Local\DWSIM7\runtimes\win-x64\native
Extract: WebView2Loader.dll... 100%
Output folder: C:\Users\ANRA\AppData\Local\DWSIM7\runtimes\win-x86
Output folder: C:\Users\ANRA\AppData\Local\DWSIM7\runtimes\win-x86\native
Extract: WebView2Loader.dll... 100%
Output folder: C:\Users\ANRA\AppData\Local\DWSIM7\samples
Extract: 1,2-Dichloroethane-N-Heptane-LKP.dwrsd... 100%
Extract: 1,2-Dichloroethane-N-Heptane-SRK.dwrsd... 100%
Extract: 1-Propanol-Water-NRTL.dwrsd... 100%
Extract: 1-Propanol-Water-UNIQUAC.dwrsd... 100%
Extract: 2,3-Dimethylbutane-Chloroform-PRSV2_VL.dwrsd... 100%
Extract: Acetonitrile-Nitromethane-PRSV2-VL.dwrsd... 100%
Extract: Ammonia-Water-NRTL.dwrsd... 100%
Extract: Automation Sample (MATLAB).m... 100%
Extract: Automation Sample.xlsm... 100%
Extract: Benzene-Cyclopentane-PR.dwrsd... 100%
Extract: Benzene-m-Xylene-SLE.dwrsd... 100%
Extract: Benzene-p-Xylene-SLE.dwrsd... 100%
Extract: Biodiesel Combustion (Cantera).dwxmz... 100%
Extract: Biodiesel Production.dwxmz... 100%
Extract: Cantera Interop.dwxmz... 100%
Extract: Carbon Combustion.dwxml... 100%
Extract: Cavett's Problem.dwxml... 100%
Extract: ChemDetailed.cti... 100%
Extract: Custom Mixer.dwxmz... 100%
Extract: Cyclohexane-Aniline-NRTL.dwrsd... 100%
Extract: DWSIM Add-In Sample.xlsx... 100%
Extract: Dynamic Simulation - CSTR.dwxmz... 100%
Extract: Dynamic Simulation - Heat Exchanger.dwxmz... 100%
Extract: Dynamic Simulation - PFR.dwxmz... 100%
Extract: Dynamic Simulation - Separator Pressure and Level Control.dwxmz... 100%
Extract: Dynamic Simulation - Water Tank Level Control.dwxmz... 100%
Extract: Electrolysis Cell with ExcelUO.dwxml... 100%
Extract: Electrolysis.xlsx... 100%
Extract: Ethanol-Benzene-SLE.dwrsd... 100%
Extract: Ethanol-Benzene-UNIQUAC.dwrsd... 100%
Extract: Extractive Distillation.dwxmz... 100%
Extract: Flowsheet Unit Operation Sample.dwxml... 100%
Extract: Gasoline Combustion (Cantera).dwxmz... 100%
Extract: Gibbs and Equilibrium Reactors.dwxml... 100%
Extract: Heat Exchanger Sizing and Design.dwxml... 100%
Extract: Humid Air.dwxml... 100%
Extract: Hydrocyclone Custom Unit Operation.dwxml... 100%
Extract: Hydrogen production through Methane Catalytic Steam Reforming.dwxml... 100%
Extract: LiBr-H2O Heat Pump for Chip Cooling.dwxmz... 100%
Extract: Liquid Phase Viscosity Override Script.dwxmz... 100%
Extract: Liquid-Liquid Extraction.dwxmz... 100%
Extract: Membrane Custom Unit Operation.dwxml... 100%
Extract: Methanol Synthesis by CO2 Hydrogenation.dwxmz... 100%
Extract: Methanol-12-Dichloroethane-NRTL.dwrsd... 100%
Extract: Natural Gas Processing Unit with Turbo-Expansion (Classic UI - Windows only).dwxmz... 100%
Extract: Natural Gas Processing Unit.dwxml... 100%
Extract: Natural Gas Water Saturator.dwxmz... 100%
Extract: Peng-Robinson EOS Fugacity and Enthalpy Override.dwxmz... 100%
Extract: Pervaporation.dwxmz
Extract: Petroleum Distillation with Reboiler Heating Fluid.dwxmz... 100%
Extract: Petroleum Distillation.dwxml... 100%
Extract: Simple Absorber Sample.dwxml... 100%
Extract: Simple LNG Exchanger Custom Unit Operation.dwxml... 100%
Extract: Three Phase Separator.dwxml... 100%
Extract: User-Defined Flash.dwxmz
Extract: Water-Benzene-LLE-UNIQUAC.dwrsd... 100%
Extract: fstest_in.dwxml... 100%
Extract: md-nc7_mech.cti... 100%
Output folder: C:\Users\ANRA\AppData\Local\DWSIM7\sv
Extract: Xceed.Wpf.AvalonDock.resources.dll... 100%
Output folder: C:\Users\ANRA\AppData\Local\DWSIM7\tests
Extract: 1.dwxmz... 100%
Extract: 104.dwxmz... 100%
Extract: 5.dwxmz... 100%
Extract: 99.dwxmz... 100%
Extract: ACECHLRO.dwxmz... 100%
Extract: ACETONEPRODUCTION.dwxmz... 100%
Extract: ASGP_CoW2k18_160020109_modified.dwxmz... 100%
Extract: AceticAcidProduction.dwxmz... 100%
Extract: Acetonitrile.dwxmz
Extract: Alkylation.dwxmz... 100%
Extract: Allyl_chloride_process.dwxmz... 100%
Extract: BTX.dwxmz... 100%
Extract: BTX1.dwxmz... 100%
Extract: Benzene_Cyclohexane.dwxmz... 100%
Extract: ButylAcetateProduction.dwxmz... 100%
Extract: C3MR.dwxmz... 100%
Extract: Cooling_Benzene_Heating_Methane.dwxmz... 100%
Extract: DMC_Methanol_Phenol_backup.dwxmz... 100%
Extract: DMC_Production.dwxmz... 100%
Extract: DME1.dwxmz... 100%
Extract: DNT_Modified.dwxmz... 100%
Extract: DWSIMGlucose.dwxmz... 100%
Extract: DWSIM_flowsheet.dwxmz... 100%
Extract: Dioxane_v3_24_04_2018.dwxmz... 100%
Extract: EB_converged.dwxmz... 100%
Extract: ECflowsheet.dwxml... 100%
Extract: EDFlowsheet.dwxmz
Extract: ED_Flowsheet.dwxmz
Extract: EL_FINAL_Paritosh.dwxmz... 100%
Extract: ETBE.dwxmz... 100%
Extract: ETFO_ethanol_sheet.dwxmz... 100%
Extract: Energy_Efficient_Hybrid_Separation_Process.dwxmz... 100%
Extract: EtAc_Hexane_Final.dwxmz... 100%
Extract: EthanolFinal.dwxmz... 100%
Extract: EthyleneOxideFlowsheet.dwxmz... 100%
Extract: Ethyleneglycol.dwxmz... 100%
Extract: Extract_Distill_Ethanol_EthylAcetate.dwxmz... 100%
Extract: Extractive_Distillation_Ethanol_THF.dwxmz... 100%
Extract: Extractive_Distillation_THF_Water.dwxmz... 100%
Extract: Extractive_Distillation_benzene_Ethanol.dwxmz... 100%
Extract: Extractive_Distillation_of_N_butane_and_1_butene.dwxmz... 100%
Extract: Final.dwxmz... 100%
Extract: Final_Flowsheet.dwxmz... 100%
Extract: Finalpfd.dwxmz... 100%
Extract: Flowsheet.dwxmz... 100%
Extract: Flowsheet1_StyreneProduction.dwxmz... 100%
Extract: Flowsheet2_ProductionOf10TPDOfAnilineFromNitrobenzeneAndHydrogen.dwxmz... 100%
Extract: Flowsheet5_StudyOnTheEffectsOfInertsOnWaterGasShiftReaction.dwxmz... 100%
Extract: Flowsheet_DryMethaneReformingProcess.dwxmz... 100%
Extract: Flowsheet_EffectOfDistillationColumnSequenceOnSeparationOfCompounds.dwxmz... 100%
Extract: Flowsheet_EthylAcetate.dwxmz... 100%
Extract: Flowsheet_IPA_Water_Dehydration.dwxmz... 100%
Extract: Flowsheet_PSD.dwxmz... 100%
Extract: Flowsheet_PSD_Water_Cyclohexane.dwxmz
Extract: Flowsheet_VinylChlorideProductionComplete2.dwxmz... 100%
Extract: GLYCOL.dwxmz... 100%
Extract: Gas_Processing_Plant.dwxmz... 100%
Extract: HDA.dwxmz... 100%
Extract: HydroalkylationofToluenetoBenzeneUsingHydrogenFinal.dwxmz... 100%
Extract: IPA1.dwxmz... 100%
Extract: ISOBUTANOLFINAL.dwxmz... 100%
Extract: Isomerisation.dwxmz... 100%
Extract: Linde_Liquified_Natural_Gas_Production_Process.dwxmz... 100%
Extract: MMA_Water_Separation.dwxmz... 100%
Extract: MethanolDistillation.dwxmz... 100%
Extract: Methanol_Chloroform_Separation.dwxmz... 100%
Extract: Methanol_Synthesis_by_CO2_Hydrogenation.dwxmz... 100%
Extract: MethanolandToluenedistillation.dwxmz... 100%
Extract: Methanolsynthesis.dwxmz... 100%
Extract: N.dwxmz... 100%
Extract: NG_SWEETENING.dwxmz... 100%
Extract: NaturalGasProcessing.dwxmz... 100%
Extract: Natural_Gas_Dehydration_using_Triethylene_Glycol.dwxmz... 100%
Extract: Neat_Operation_Methanol_Water.dwxmz... 100%
Extract: Organic_Rankine_cycle.dwxmz... 100%
Extract: PO_Production.dwxmz... 100%
Extract: PSD.dwxml... 100%
Extract: PSD.dwxmz... 100%
Extract: PSDOfEthanolwaterMixture.dwxmz
Extract: PSDflowsheet.dwxmz
Extract: PSDforMethanolRecovery.dwxmz... 100%
Extract: PW_PSD.dwxmz... 100%
Extract: Preparation_of_Acetic_Acid_by_oxidation_of_Acetaldehyde.dwxmz... 100%
Extract: Pressure_Swing_Distillation_of_ACN_Water_System.dwxmz... 100%
Extract: ProductionOfVinylChloride.dwxmz... 100%
Extract: Production_Of_N_Octane_From_Ethylene_And_I_Butane.dwxmz... 100%
Extract: Production_of_Ethanolamines.dwxmz... 100%
Extract: PyridineandWater_Separation.dwxmz... 100%
Extract: Reactors - Acetate.dwxml... 100%
Extract: Refrigerated.dwxmz... 100%
Extract: RevisedHNO3Flowsheet1.dwxmz... 100%
Extract: Stacked_Column.dwxmz
Extract: StyreneProduction.dwxmz... 100%
Extract: Styrene_production_plant.dwxmz... 100%
Extract: SulphurTrioxideProduction.dwxmz... 100%
Extract: TEALARCPLANT1.dwxmz... 100%
Extract: TEG.dwxmz... 100%
Extract: THF_03.dwxmz... 100%
Extract: ThermodynamicModels.dwxmz... 100%
Extract: Transesterification.dwxmz
Extract: TriplePSWDC.dwxmz... 100%
Extract: Turton_Design_For_Production_Of_Acetone.dwxmz... 100%
Extract: Urea_Snamprogetti.dwxmz... 100%
Extract: VARC_Cascade_direct.dwxmz
Extract: Vinyl_Cholride_Production.dwxmz... 100%
Extract: WATER_GAS_SHIFT_REACTION.dwxmz... 100%
Extract: acetaldehyde12.dwxmz... 100%
Extract: braytonflowsheet.dwxmz... 100%
Extract: camere.dwxmz... 100%
Extract: chlorobenzene01.dwxmz... 100%
Extract: collins_helium_liquefier.dwxmz... 100%
Extract: cs2.dwxmz... 100%
Extract: diethylether.dwxmz... 100%
Extract: dme_chandravidhan.dwxmz... 100%
Extract: esterification.dwxmz... 100%
Extract: ethnoltoluene.dwxmz... 100%
Extract: fluxograma.dwxmz... 100%
Extract: maleic_anhydride.dwxmz... 100%
Extract: methylal.dwxmz... 100%
Extract: methylal_methanol_sep.dwxmz... 100%
Extract: p.dwxmz
Extract: propene_simulation.dwxmz... 100%
Extract: psdvrvikram.dwxmz... 100%
Extract: reactive.dwxmz
Extract: styrene_production_project.dwxmz... 100%
Extract: thfmethanol.dwxmz... 100%
Extract: xylenerigorous.dwxmz... 100%
Output folder: C:\Users\ANRA\AppData\Local\DWSIM7\tests\basic
Extract: basic distillation.dwxmz... 100%
Extract: compression and expansion.dwxmz... 100%
Extract: heating and cooling.dwxmz... 100%
Extract: heating and cooling_backup.dwxmz... 100%
Extract: pump and valve.dwxmz... 100%
Output folder: C:\Users\ANRA\AppData\Local\DWSIM7\unitops
Extract: DWSIM.AdditionalUnitOperations.dll... 100%
Extract: DWSIM.AdditionalUnitOperations.dll.config... 100%
Extract: DWSIM.AdditionalUnitOperations.pdb... 100%
Extract: DWSIM.AdditionalUnitOperations.xml... 100%
Extract: DWSIM.UnitOperations.NeuralNetwork.dll... 100%
Extract: DWSIM.UnitOperations.NeuralNetwork.dll.config... 100%
Extract: DWSIM.UnitOperations.NeuralNetwork.pdb... 100%
Extract: DWSIM.UnitOperations.PipeNetwork.dll... 100%
Extract: DWSIM.UnitOperations.PipeNetwork.pdb... 100%
Output folder: C:\Users\ANRA\AppData\Local\DWSIM7\unitops\libraries
Extract: Google.Protobuf.dll... 100%
Extract: Google.Protobuf.pdb... 100%
Extract: Google.Protobuf.xml... 100%
Extract: NumSharp.Lite.dll... 100%
Extract: NumSharp.Lite.pdb... 100%
Extract: Protobuf.Text.dll... 100%
Extract: TensorFlow.NET.dll... 100%
Extract: tensorflow.dll... 100%
Output folder: C:\Users\ANRA\AppData\Local\DWSIM7\zh-Hans
Extract: Xceed.Wpf.AvalonDock.resources.dll... 100%
Output folder: C:\Users\ANRA\AppData\Local\DWSIM7
Output folder: C:\Users\ANRA\AppData\Local\DWSIM7\docs
Extract: cape_open_reference.pdf... 100%
Output folder: C:\Users\ANRA\AppData\Local\DWSIM7
Create folder: C:\Users\ANRA\AppData\Roaming\Microsoft\Windows\Start Menu\Programs\DWSIM 6
Create shortcut: C:\Users\ANRA\AppData\Roaming\Microsoft\Windows\Start Menu\Programs\DWSIM 6\DWSIM.lnk
Create shortcut: C:\Users\ANRA\AppData\Roaming\Microsoft\Windows\Start Menu\Programs\DWSIM 6\Azure Service Bus Solver Server.lnk
Create shortcut: C:\Users\ANRA\AppData\Roaming\Microsoft\Windows\Start Menu\Programs\DWSIM 6\TCP-IP Solver Server.lnk
Create shortcut: C:\Users\ANRA\OneDrive - Ramboll\Desktop\DWSIM.lnk
Create shortcut: C:\Users\ANRA\AppData\Roaming\Microsoft\Windows\Start Menu\Programs\DWSIM 6\Release Notes.lnk
Create shortcut: C:\Users\ANRA\AppData\Roaming\Microsoft\Windows\Start Menu\Programs\DWSIM 6\Samples.lnk
Create folder: C:\Users\ANRA\AppData\Roaming\Microsoft\Windows\Start Menu\Programs\DWSIM 6\Docs
Create shortcut: C:\Users\ANRA\AppData\Roaming\Microsoft\Windows\Start Menu\Programs\DWSIM 6\Docs\User Guide (PDF).lnk
Create shortcut: C:\Users\ANRA\AppData\Roaming\Microsoft\Windows\Start Menu\Programs\DWSIM 6\Docs\CAPE-OPEN Features.lnk
Create shortcut: C:\Users\ANRA\AppData\Roaming\Microsoft\Windows\Start Menu\Programs\DWSIM 6\Docs\Excel Add-In User Guide.lnk
Installing Microsoft WebView2 Runtime...
Output folder: C:\Users\ANRA\AppData\Local\Temp
Extract: MicrosoftEdgeWebview2Setup.exe... 100%
Execute: C:\Users\ANRA\AppData\Local\Temp\MicrosoftEdgeWebview2Setup.exe
Delete file: C:\Users\ANRA\AppData\Local\Temp\MicrosoftEdgeWebview2Setup.exe
Installing ChemSep Lite 8.26...
Output folder: C:\Users\ANRA\AppData\Local\Temp
Extract: lite.exe... 100%
Execute: C:\Users\ANRA\AppData\Local\Temp\lite.exe
Delete file: C:\Users\ANRA\AppData\Local\Temp\lite.exe
Output folder: C:\Users\ANRA\AppData\Local\DWSIM7
Create shortcut: C:\Users\ANRA\AppData\Roaming\Microsoft\Windows\Start Menu\Programs\DWSIM 6\DWSIM Website.lnk
Create shortcut: C:\Users\ANRA\AppData\Roaming\Microsoft\Windows\Start Menu\Programs\DWSIM 6\Uninstall.lnk
Created uninstaller: C:\Users\ANRA\AppData\Local\DWSIM7\uninst.exe
